Log file open, 03/10/18 21:16:42
LogWindows: Failed to load 'aqProf.dll' (GetLastError=126)
LogWindows: File 'aqProf.dll' does not exist
LogWindows: Failed to load 'VtuneApi.dll' (GetLastError=126)
LogWindows: File 'VtuneApi.dll' does not exist
LogWindows: Failed to load 'VtuneApi32e.dll' (GetLastError=126)
LogWindows: File 'VtuneApi32e.dll' does not exist
LogInit: Display: Running engine for game: NPJ2018SeniorProject
LogPlatformFile: Not using cached read wrapper
LogInit: Display: RandInit(-1413725904) SRandInit(-1413725904).
LogTaskGraph: Started task graph with 5 named threads and 14 total threads with 3 sets of task threads.
LogStats: Stats thread started at 0.185317
LogD3D11RHI: Aftermath initialized
LogPluginManager: Mounting plugin Paper2D
LogPluginManager: Mounting plugin LightPropagationVolume
LogPluginManager: Mounting plugin CodeLiteSourceCodeAccess
LogPluginManager: Mounting plugin GitSourceControl
LogPluginManager: Mounting plugin KDevelopSourceCodeAccess
LogPluginManager: Mounting plugin NullSourceCodeAccess
LogPluginManager: Mounting plugin PerforceSourceControl
LogPluginManager: Mounting plugin SubversionSourceControl
LogPluginManager: Mounting plugin UObjectPlugin
LogPluginManager: Mounting plugin VisualStudioSourceCodeAccess
LogPluginManager: Mounting plugin XCodeSourceCodeAccess
LogPluginManager: Mounting plugin AssetManagerEditor
LogPluginManager: Mounting plugin AudioCapture
LogPluginManager: Mounting plugin FacialAnimation
LogPluginManager: Mounting plugin GameplayTagsEditor
LogPluginManager: Mounting plugin MobileLauncherProfileWizard
LogPluginManager: Mounting plugin PluginBrowser
LogPluginManager: Mounting plugin SpeedTreeImporter
LogPluginManager: Mounting plugin AlembicImporter
LogPluginManager: Mounting plugin CharacterAI
LogPluginManager: Mounting plugin HTML5Networking
LogPluginManager: Mounting plugin AndroidMedia
LogPluginManager: Mounting plugin AvfMedia
LogPluginManager: Mounting plugin MediaPlayerEditor
LogPluginManager: Mounting plugin WmfMedia
LogPluginManager: Mounting plugin TcpMessaging
LogPluginManager: Mounting plugin UdpMessaging
LogPluginManager: Mounting plugin LevelSequenceEditor
LogPluginManager: Mounting plugin MatineeToLevelSequence
LogPluginManager: Mounting plugin OnlineSubsystemGooglePlay
LogPluginManager: Mounting plugin OnlineSubsystemIOS
LogPluginManager: Mounting plugin OnlineSubsystem
LogPluginManager: Mounting plugin OnlineSubsystemNull
LogPluginManager: Mounting plugin OnlineSubsystemUtils
LogPluginManager: Mounting plugin AndroidDeviceProfileSelector
LogPluginManager: Mounting plugin AndroidMoviePlayer
LogPluginManager: Mounting plugin AndroidPermission
LogPluginManager: Mounting plugin AppleMoviePlayer
LogPluginManager: Mounting plugin ArchVisCharacter
LogPluginManager: Mounting plugin CableComponent
LogPluginManager: Mounting plugin CustomMeshComponent
LogPluginManager: Mounting plugin ExampleDeviceProfileSelector
LogPluginManager: Mounting plugin GoogleCloudMessaging
LogPluginManager: Mounting plugin ImmediatePhysics
LogPluginManager: Mounting plugin IOSDeviceProfileSelector
LogPluginManager: Mounting plugin LinuxDeviceProfileSelector
LogPluginManager: Mounting plugin LocationServicesBPLibrary
LogPluginManager: Mounting plugin MobilePatchingUtils
LogPluginManager: Mounting plugin OculusVR
LogPluginManager: Mounting plugin PhysXVehicles
LogPluginManager: Mounting plugin ProceduralMeshComponent
LogPluginManager: Mounting plugin RuntimePhysXCooking
LogPluginManager: Mounting plugin SteamVR
LogPluginManager: Mounting plugin WindowsMoviePlayer
LogInit: Using libcurl 7.47.1
LogInit:  - built for x86_64-pc-win32
LogInit:  - supports SSL with OpenSSL/1.0.2g
LogInit:  - supports HTTP deflate (compression) using libz 1.2.8
LogInit:  - other features:
LogInit:      CURL_VERSION_SSL
LogInit:      CURL_VERSION_LIBZ
LogInit:      CURL_VERSION_IPV6
LogInit:      CURL_VERSION_ASYNCHDNS
LogInit:      CURL_VERSION_LARGEFILE
LogInit:      CURL_VERSION_IDN
LogInit:  CurlRequestOptions (configurable via config and command line):
LogInit:  - bVerifyPeer = false  - Libcurl will NOT verify peer certificate
LogInit:  - bUseHttpProxy = false  - Libcurl will NOT use HTTP proxy
LogInit:  - bDontReuseConnections = false  - Libcurl will reuse connections
LogInit:  - CertBundlePath = nullptr  - Libcurl will use whatever was configured at build time.
LogInit: Build: ++UE4+Release-4.17-CL-3658906
LogInit: Engine Version: 4.17.2-3658906+++UE4+Release-4.17
LogInit: Compatible Engine Version: 4.17.0-3573198+++UE4+Release-4.17
LogInit: Net CL: 3573198
LogDevObjectVersion: Number of dev versions registered: 16
LogDevObjectVersion:   Dev-Blueprints (B0D832E4-1F89-4F0D-ACCF-7EB736FD4AA2): 10
LogDevObjectVersion:   Dev-Build (E1C64328-A22C-4D53-A36C-8E866417BD8C): 0
LogDevObjectVersion:   Dev-Core (375EC13C-06E4-48FB-B500-84F0262A717E): 2
LogDevObjectVersion:   Dev-Editor (E4B068ED-F494-42E9-A231-DA0B2E46BB41): 20
LogDevObjectVersion:   Dev-Framework (CFFC743F-43B0-4480-9391-14DF171D2073): 28
LogDevObjectVersion:   Dev-Mobile (B02B49B5-BB20-44E9-A304-32B752E40360): 0
LogDevObjectVersion:   Dev-Networking (A4E4105C-59A1-49B5-A7C5-40C4547EDFEE): 0
LogDevObjectVersion:   Dev-Online (39C831C9-5AE6-47DC-9A44-9C173E1C8E7C): 0
LogDevObjectVersion:   Dev-Physics (78F01B33-EBEA-4F98-B9B4-84EACCB95AA2): 0
LogDevObjectVersion:   Dev-Platform (6631380F-2D4D-43E0-8009-CF276956A95A): 0
LogDevObjectVersion:   Dev-Rendering (12F88B9F-8875-4AFC-A67C-D90C383ABD29): 19
LogDevObjectVersion:   Dev-Sequencer (7B5AE74C-D270-4C10-A958-57980B212A5A): 4
LogDevObjectVersion:   Dev-VR (D7296918-1DD6-4BDD-9DE2-64A83CC13884): 0
LogDevObjectVersion:   Dev-LoadTimes (C2A15278-BFE7-4AFE-6C17-90FF531DF755): 1
LogDevObjectVersion:   Private-Geometry (6EACA3D4-40EC-4CC1-B786-8BED09428FC5): 1
LogDevObjectVersion:   Dev-AnimPhys (29E575DD-E0A3-4627-9D10-D276232CDCEA): 7
LogInit: Compiled (64-bit): Sep 22 2017 13:47:16
LogInit: Compiled with Visual C++: 19.00.24215.01
LogInit: Build Configuration: Development
LogInit: Branch Name: ++UE4+Release-4.17
LogInit: Command line: -EpicPortal 
LogInit: Base directory: C:/Program Files/Epic Games/UE_4.17/Engine/Binaries/Win64/
LogInit: Installed Engine Build: 1
LogInit: Presizing for max 8388607 objects, including 0 objects not considered by GC, pre-allocating 0 bytes for permanent pool.
LogInit: Object subsystem initialized
[2018.03.11-02.16.44:270][  0]LogInit: Selected Device Profile: [Windows]
[2018.03.11-02.16.44:270][  0]LogInit: Applying CVar settings loaded from the selected device profile: [Windows]
[2018.03.11-02.16.44:367][  0]LogInit: Computer: DESKTOP-POOD5P5
[2018.03.11-02.16.44:367][  0]LogInit: User: Noah
[2018.03.11-02.16.44:367][  0]LogInit: CPU Page size=4096, Cores=4
[2018.03.11-02.16.44:367][  0]LogInit: High frequency timer resolution =2.338343 MHz
[2018.03.11-02.16.44:368][  0]LogMemory: Memory total: Physical=7.9GB (8GB approx)
[2018.03.11-02.16.44:368][  0]LogMemory: Platform Memory Stats for Windows
[2018.03.11-02.16.44:368][  0]LogMemory: Process Physical Memory: 281.25 MB used, 281.25 MB peak
[2018.03.11-02.16.44:368][  0]LogMemory: Process Virtual Memory: 286.38 MB used, 286.38 MB peak
[2018.03.11-02.16.44:368][  0]LogMemory: Physical Memory: 4084.72 MB used,  4031.63 MB free, 8116.36 MB total
[2018.03.11-02.16.44:368][  0]LogMemory: Virtual Memory: 719.75 MB used,  4031.63 MB free, 134217728.00 MB total
[2018.03.11-02.16.44:534][  0]LogInit: Using OS detected language (en-US).
[2018.03.11-02.16.44:534][  0]LogInit: Using OS detected locale (en-US).
[2018.03.11-02.16.44:700][  0]LogTextLocalizationManager: No specific localization for 'en-US' exists, so the 'en' localization will be used.
[2018.03.11-02.16.53:586][  0]LogD3D11RHI: D3D11 adapters:
[2018.03.11-02.16.53:606][  0]LogD3D11RHI:    0. 'Intel(R) HD Graphics 4600' (Feature Level 11_0)
[2018.03.11-02.16.53:606][  0]LogD3D11RHI:       112/0/2048 MB DedicatedVideo/DedicatedSystem/SharedSystem, Outputs:1, VendorId:0x8086
[2018.03.11-02.16.53:615][  0]LogD3D11RHI:    1. 'Microsoft Basic Render Driver' (Feature Level 11_0)
[2018.03.11-02.16.53:615][  0]LogD3D11RHI:       0/0/4058 MB DedicatedVideo/DedicatedSystem/SharedSystem, Outputs:0, VendorId:0x1414
[2018.03.11-02.16.53:615][  0]LogD3D11RHI: Chosen D3D11 Adapter: 0
[2018.03.11-02.16.53:626][  0]LogD3D11RHI: Creating new Direct3DDevice
[2018.03.11-02.16.53:626][  0]LogD3D11RHI:     GPU DeviceId: 0x416 (for the marketing name, search the web for "GPU Device Id")
[2018.03.11-02.16.53:626][  0]LogWindows: EnumDisplayDevices:
[2018.03.11-02.16.53:627][  0]LogWindows:    0. 'Intel(R) HD Graphics 4600' (P:1 D:1)
[2018.03.11-02.16.53:627][  0]LogWindows:    1. 'Intel(R) HD Graphics 4600' (P:0 D:0)
[2018.03.11-02.16.53:627][  0]LogWindows:    2. 'Intel(R) HD Graphics 4600' (P:0 D:0)
[2018.03.11-02.16.53:627][  0]LogWindows: DebugString: GetVideoDriverDetailsInvalid PrimaryIsNotTheChoosenAdapter GetVideoDriverDetailsInvalid PrimaryIsNotTheChoosenAdapter GetVideoDriverDetailsInvalid PrimaryIsNotTheChoosenAdapter FoundDriverCount:0 
[2018.03.11-02.16.53:627][  0]LogD3D11RHI:     Adapter Name: Intel(R) HD Graphics 4600
[2018.03.11-02.16.53:627][  0]LogD3D11RHI:   Driver Version: Unknown (internal:Unknown, unified:Unknown)
[2018.03.11-02.16.53:627][  0]LogD3D11RHI:      Driver Date: Unknown
[2018.03.11-02.16.53:627][  0]LogRHI: Texture pool is 795 MB (70% of 1136 MB)
[2018.03.11-02.16.53:635][  0]LogD3D11RHI: Async texture creation enabled
[2018.03.11-02.16.53:646][  0]LogD3D11RHI: GPU Timing Frequency: 12.500000 (Debug: 2 0)
[2018.03.11-02.16.53:648][  0]LogShaderCompilers: Guid format shader working directory is -32 characters bigger than the processId version (../../../../../../Users/Noah/Documents/GitHub/UE4Project/NPJ2018SeniorProject/Intermediate/Shaders/WorkingDirectory/9296/).
[2018.03.11-02.16.53:648][  0]LogShaderCompilers: Cleaned the shader compiler working directory 'C:/Users/Noah/AppData/Local/Temp/UnrealShaderWorkingDir/481A5FE5411BB3796103BD9692CB52F3/'.
[2018.03.11-02.16.53:648][  0]LogShaderCompilers: Display: Using Local Shader Compiler.
[2018.03.11-02.17.00:131][  0]LogTemp: Display: Loaded TP AllDesktopTargetPlatform
[2018.03.11-02.17.00:192][  0]LogTemp: Display: Loaded TP MacClientTargetPlatform
[2018.03.11-02.17.00:248][  0]LogTemp: Display: Loaded TP MacNoEditorTargetPlatform
[2018.03.11-02.17.00:306][  0]LogTemp: Display: Loaded TP MacServerTargetPlatform
[2018.03.11-02.17.00:387][  0]LogTemp: Display: Loaded TP MacTargetPlatform
[2018.03.11-02.17.00:470][  0]LogTemp: Display: Loaded TP WindowsClientTargetPlatform
[2018.03.11-02.17.00:526][  0]LogTemp: Display: Loaded TP WindowsNoEditorTargetPlatform
[2018.03.11-02.17.00:612][  0]LogTemp: Display: Loaded TP WindowsServerTargetPlatform
[2018.03.11-02.17.00:662][  0]LogTemp: Display: Loaded TP WindowsTargetPlatform
[2018.03.11-02.17.00:755][  0]LogTemp: Display: Loaded TP AndroidTargetPlatform
[2018.03.11-02.17.00:824][  0]LogTemp: Display: Loaded TP Android_ASTCTargetPlatform
[2018.03.11-02.17.00:878][  0]LogTemp: Display: Loaded TP Android_ATCTargetPlatform
[2018.03.11-02.17.00:949][  0]LogTemp: Display: Loaded TP Android_DXTTargetPlatform
[2018.03.11-02.17.01:003][  0]LogTemp: Display: Loaded TP Android_ETC1TargetPlatform
[2018.03.11-02.17.01:056][  0]LogTemp: Display: Loaded TP Android_ETC2TargetPlatform
[2018.03.11-02.17.01:179][  0]LogTemp: Display: Loaded TP Android_MultiTargetPlatform
[2018.03.11-02.17.01:179][  0]LogTemp: Display: Loaded TP Android_PVRTCTargetPlatform
[2018.03.11-02.17.01:232][  0]LogTemp: Display: Loaded TP HTML5TargetPlatform
[2018.03.11-02.17.01:356][  0]LogTemp: Display: Loaded TP IOSTargetPlatform
[2018.03.11-02.17.01:387][  0]LogTemp: Display: Loaded TP TVOSTargetPlatform
[2018.03.11-02.17.01:440][  0]LogTemp: Display: Loaded TP LinuxClientTargetPlatform
[2018.03.11-02.17.01:493][  0]LogTemp: Display: Loaded TP LinuxNoEditorTargetPlatform
[2018.03.11-02.17.01:563][  0]LogTemp: Display: Loaded TP LinuxServerTargetPlatform
[2018.03.11-02.17.01:625][  0]LogTemp: Display: Loaded TP LinuxTargetPlatform
[2018.03.11-02.17.01:625][  0]LogTargetPlatformManager: Display: Building Assets For Windows
[2018.03.11-02.17.02:164][  0]LogDerivedDataCache: Display: Max Cache Size: 512 MB
[2018.03.11-02.17.02:571][  0]LogDerivedDataCache: Loaded boot cache 0.41s 93MB C:/Users/Noah/AppData/Local/UnrealEngine/4.17/DerivedDataCache/Boot.ddc.
[2018.03.11-02.17.02:571][  0]LogDerivedDataCache: Display: Loaded Boot cache: C:/Users/Noah/AppData/Local/UnrealEngine/4.17/DerivedDataCache/Boot.ddc
[2018.03.11-02.17.02:572][  0]LogDerivedDataCache: FDerivedDataBackendGraph:  Pak pak cache file ../../../../../../Users/Noah/Documents/GitHub/UE4Project/NPJ2018SeniorProject/DerivedDataCache/DDC.ddp not found, will not use a pak cache.
[2018.03.11-02.17.02:572][  0]LogDerivedDataCache: Unable to find inner node Pak for hierarchical cache Hierarchy.
[2018.03.11-02.17.02:572][  0]LogDerivedDataCache: FDerivedDataBackendGraph:  CompressedPak pak cache file ../../../../../../Users/Noah/Documents/GitHub/UE4Project/NPJ2018SeniorProject/DerivedDataCache/Compressed.ddp not found, will not use a pak cache.
[2018.03.11-02.17.02:572][  0]LogDerivedDataCache: Unable to find inner node CompressedPak for hierarchical cache Hierarchy.
[2018.03.11-02.17.02:589][  0]LogDerivedDataCache: Display: Pak cache opened for reading ../../../Engine/DerivedDataCache/Compressed.ddp.
[2018.03.11-02.17.02:605][  0]LogDerivedDataCache: Using Local data cache path C:/Users/Noah/AppData/Local/UnrealEngine/Common/DerivedDataCache: Writable
[2018.03.11-02.17.02:617][  0]LogMaterial: Verifying Global Shaders for PCD3D_SM5
[2018.03.11-02.17.02:617][  0]LogSlate: Using Freetype 2.6.0
[2018.03.11-02.17.02:646][  0]LogSlate: SlateFontCache - WITH_FREETYPE: 1, WITH_HARFBUZZ: 1
[2018.03.11-02.17.02:646][  0]LogSlate: SlateFontCache - WITH_FREETYPE: 1, WITH_HARFBUZZ: 1
[2018.03.11-02.17.09:609][  0]LogAssetRegistry: FAssetRegistry took 0.0273 seconds to start up
[2018.03.11-02.17.09:742][  0]LogInit: Selected Device Profile: [Windows]
[2018.03.11-02.17.09:931][  0]LogContentStreaming: Texture pool size is 0.00 MB
[2018.03.11-02.17.10:331][  0]LogSimplygon: Simplygon DLL not present - disabling.
[2018.03.11-02.17.10:380][  0]LogMeshReduction: Using SimplygonSwarm for distributed automatic mesh merging
[2018.03.11-02.17.10:380][  0]LogMeshReduction: Using QuadricMeshReduction for automatic static mesh reduction
[2018.03.11-02.17.10:380][  0]LogMeshReduction: No automatic skeletal mesh reduction module available
[2018.03.11-02.17.10:380][  0]LogMeshReduction: No automatic mesh merging module available
[2018.03.11-02.17.10:380][  0]LogMeshMerging: No automatic mesh merging module available
[2018.03.11-02.17.10:807][  0]LogNetVersion: NPJ2018SeniorProject , NetCL: 3573198, EngineNetVer: 2, GameNetVer: 0 (Checksum: 535738706)
[2018.03.11-02.17.11:075][  0]LogPackageLocalizationCache: Processed 5 localized package path(s) for 2 prioritized culture(s) in 0.071832 seconds
[2018.03.11-02.17.11:081][  0]LogUObjectArray: 35825 objects as part of root set at end of initial load.
[2018.03.11-02.17.11:081][  0]LogUObjectAllocator: 7529104 out of 0 bytes used by permanent object pool.
[2018.03.11-02.17.11:081][  0]LogUObjectArray: CloseDisregardForGC: 0/0 objects in disregard for GC pool
[2018.03.11-02.17.11:156][  0]LogInit: WinSock: version 1.1 (2.2), MaxSocks=32767, MaxUdp=65467
[2018.03.11-02.17.45:547][  0]LogTcpMessaging: Initializing TcpMessaging bridge
[2018.03.11-02.17.45:599][  0]LogUdpMessaging: Initializing bridge on interface 0.0.0.0:0 to multicast group 230.0.0.1:6666.
[2018.03.11-02.17.47:807][  0]LogMaterial: Uniform references updated for custom material expression Custom.
[2018.03.11-02.17.48:901][  0]SourceControl: Source control is disabled
[2018.03.11-02.17.48:901][  0]SourceControl: Source control is disabled
[2018.03.11-02.17.48:961][  0]SourceControl: Source control is disabled
[2018.03.11-02.17.49:033][  0]SourceControl: Source control is disabled
[2018.03.11-02.17.50:351][  0]LogAndroidPermission: UAndroidPermissionCallbackProxy::GetInstance
[2018.03.11-02.17.50:714][  0]LogOcInput: OculusInput pre-init called
[2018.03.11-02.17.51:075][  0]LogEngine: Initializing Engine...
[2018.03.11-02.17.51:079][  0]LogHMD: Failed to initialize OpenVR with code 110
[2018.03.11-02.17.51:924][  0]LogStats: UGameplayTagsManager::ConstructGameplayTagTree: Construct from data asset -  0.000 s
[2018.03.11-02.17.51:924][  0]LogStats: UGameplayTagsManager::ConstructGameplayTagTree: GameplayTagTreeChangedEvent.Broadcast -  0.000 s
[2018.03.11-02.17.52:077][  0]LogAIModule: Creating AISystem for world Untitled
[2018.03.11-02.17.52:084][  0]LogInit: XAudio2 using 'Speakers (High Definition Audio Device)' : 2 channels at 48 kHz using 16 bits per sample (channel mask 0x3)
[2018.03.11-02.17.52:106][  0]LogInit: FAudioDevice initialized.
[2018.03.11-02.17.52:230][  0]LogDerivedDataCache: Saved boot cache 0.12s 93MB C:/Users/Noah/AppData/Local/UnrealEngine/4.17/DerivedDataCache/Boot.ddc.
[2018.03.11-02.17.52:261][  0]LogInit: Texture streaming: Enabled
[2018.03.11-02.17.52:484][  0]LogEngineSessionManager: EngineSessionManager initialized
[2018.03.11-02.17.53:217][  0]LogInit: Transaction tracking system initialized
[2018.03.11-02.17.53:650][  0]BlueprintLog: New page: Editor Load
[2018.03.11-02.17.55:004][  0]LocalizationService: Localization service is disabled
[2018.03.11-02.17.56:438][  0]LogLinker: Warning: Can't find file '/Game/ThirdPersonBP/ThirdPersonOverview'
[2018.03.11-02.17.56:439][  0]LogLinker: Warning: Can't find file '/Game/ThirdPersonBP/ThirdPersonOverview'
[2018.03.11-02.17.56:439][  0]LogUObjectGlobals: Warning: Failed to find object 'Class /Game/ThirdPersonBP/ThirdPersonOverview.ThirdPersonOverview_C'
[2018.03.11-02.17.57:352][  0]LogConsoleResponse: Display: 
[2018.03.11-02.17.58:110][  0]LogCook: Display: Max memory allowance for cook 16384mb min free memory 0mb
[2018.03.11-02.17.58:110][  0]LogCook: Display: Mobile HDR setting 1
[2018.03.11-02.17.58:110][  0]LogGameplayTags: Display: UGameplayTagsManager::DoneAddingNativeTags. DelegateIsBound: 0
[2018.03.11-02.17.58:248][  0]LogFileCache: Scanning file cache for directory 'C:/Users/Noah/Documents/GitHub/UE4Project/NPJ2018SeniorProject/Content/' took 0.03s
[2018.03.11-02.18.00:247][  0]SourceControl: Source control is disabled
[2018.03.11-02.18.00:247][  0]Cmd: MAP LOAD FILE="../../../../../../Users/Noah/Documents/GitHub/UE4Project/NPJ2018SeniorProject/Content/ThirdPersonCPP/Maps/CollectionLevel.umap" TEMPLATE=0 SHOWPROGRESS=1 FEATURELEVEL=3
[2018.03.11-02.18.00:252][  0]LightingResults: New page: Lighting Build
[2018.03.11-02.18.00:296][  0]MapCheck: New page: Map Check
[2018.03.11-02.18.00:296][  0]LightingResults: New page: Lighting Build
[2018.03.11-02.18.03:066][  0]LogAIModule: Creating AISystem for world CollectionLevel
[2018.03.11-02.18.03:096][  0]LogEditorServer: Finished looking for orphan Actors (0.000 secs)
[2018.03.11-02.18.03:141][  0]Cmd: MAP CHECKDEP NOCLEARLOG
[2018.03.11-02.18.03:206][  0]MapCheck: Map check complete: 0 Error(s), 0 Warning(s), took 64.3ms to complete.
[2018.03.11-02.18.03:206][  0]LogFileHelpers: Loading map 'CollectionLevel' took 2.960
[2018.03.11-02.18.03:610][  0]LogCollectionManager: Loaded 0 collections in 0.003472 seconds
[2018.03.11-02.18.03:720][  0]LogFileCache: Scanning file cache for directory 'C:/Users/Noah/Documents/GitHub/UE4Project/NPJ2018SeniorProject/Saved/Collections/' took 0.01s
[2018.03.11-02.18.03:720][  0]LogFileCache: Scanning file cache for directory 'C:/Users/Noah/Documents/GitHub/UE4Project/NPJ2018SeniorProject/Content/Developers/Noah/Collections/' took 0.01s
[2018.03.11-02.18.03:720][  0]LogFileCache: Scanning file cache for directory 'C:/Users/Noah/Documents/GitHub/UE4Project/NPJ2018SeniorProject/Content/Collections/' took 0.01s
[2018.03.11-02.18.03:720][  0]LogCollectionManager: Rebuilt the GUID cache for 0 collections in 0.000000 seconds
[2018.03.11-02.18.03:732][  0]LogContentBrowser: Native class hierarchy populated in 0.0117 seconds. Added 2391 classes and 503 folders.
[2018.03.11-02.18.03:843][  0]LogContentBrowser: Native class hierarchy updated for 'WidgetCarousel' in 0.0031 seconds. Added 0 classes and 0 folders.
[2018.03.11-02.18.05:838][  0]LogContentBrowser: Native class hierarchy updated for 'AddContentDialog' in 0.0091 seconds. Added 0 classes and 0 folders.
[2018.03.11-02.18.05:945][  0]LogContentBrowser: Native class hierarchy updated for 'SceneOutliner' in 0.0026 seconds. Added 1 classes and 2 folders.
[2018.03.11-02.18.06:398][  0]LogSlate: Took 0.000400 seconds to synchronously load lazily loaded font '../../../Engine/Content/Slate/Fonts/Roboto-Regular.ttf' (155K)
[2018.03.11-02.18.06:435][  0]LogSlate: Took 0.032895 seconds to synchronously load lazily loaded font '../../../Engine/Content/Slate/Fonts/Roboto-Bold.ttf' (160K)
[2018.03.11-02.18.06:519][  0]LogSlate: Took 0.077812 seconds to synchronously load lazily loaded font '../../../Engine/Content/Editor/Slate/Fonts/FontAwesome.ttf' (139K)
[2018.03.11-02.18.06:680][  0]LogSlate: Took 0.160428 seconds to synchronously load lazily loaded font '../../../Engine/Content/Editor/Slate/Fonts/DroidSansMono.ttf' (77K)
[2018.03.11-02.18.07:148][  0]LogRenderer: Reallocating scene render targets to support 932x456 Format 9 NumSamples 1 (Frame:1).
[2018.03.11-02.18.07:600][  0]LogContentBrowser: Native class hierarchy updated for 'HierarchicalLODOutliner' in 0.0023 seconds. Added 1 classes and 2 folders.
[2018.03.11-02.18.07:601][  0]LogLoad: (Engine Initialization) Total time: 86.78 seconds
[2018.03.11-02.18.07:601][  0]LogLoad: (Engine Initialization) Total Blueprint compile time: 0.00 seconds
[2018.03.11-02.18.07:601][  0]LogExternalProfiler: Found external profiler: VSPerf
[2018.03.11-02.18.07:601][  0]LogExternalProfiler: Using external profiler: VSPerf
[2018.03.11-02.18.07:641][  0]LogContentStreaming: Texture pool size now 400 MB
[2018.03.11-02.18.07:685][  1]LogAssetRegistry: Asset discovery search completed in 58.0988 seconds
[2018.03.11-02.18.07:688][  1]LogCollectionManager: Rebuilt the object cache for 0 collections in 0.000001 seconds (found 0 objects)
[2018.03.11-02.18.07:689][  1]LogCollectionManager: Fixed up redirectors for 0 collections in 0.000478 seconds (updated 0 objects)
[2018.03.11-02.18.22:309][281]LogSlate: Took 0.005785 seconds to synchronously load lazily loaded font '../../../Engine/Content/Slate/Fonts/Roboto-Light.ttf' (159K)
[2018.03.11-02.18.30:756][539]LogSlate: Took 0.000541 seconds to synchronously load lazily loaded font '../../../Engine/Content/Slate/Fonts/Roboto-Light.ttf' (159K)
[2018.03.11-02.18.59:077][848]LogVSAccessor: Warning: Couldn't goto line number '0' in 'C:/Users/Noah/Documents/GitHub/UE4Project/NPJ2018SeniorProject/Source/NPJ2018SeniorProject/C++Classes/Pickup.h'
[2018.03.11-02.18.59:200][848]LogVSAccessor: Warning: Couldn't goto line number '0' in 'C:/Users/Noah/Documents/GitHub/UE4Project/NPJ2018SeniorProject/Source/NPJ2018SeniorProject/C++Classes/Pickup.cpp'
[2018.03.11-02.30.40:234][981]Candidate modules for hot reload:
[2018.03.11-02.30.40:234][981]  NPJ2018SeniorProject
[2018.03.11-02.30.40:234][981]Launching UnrealBuildTool... [C:/Program Files/Epic Games/UE_4.17/Engine/Binaries/DotNET/UnrealBuildTool.exe NPJ2018SeniorProject -ModuleWithSuffix NPJ2018SeniorProject 3482 Win64 Development -editorrecompile -canskiplink "C:/Users/Noah/Documents/GitHub/UE4Project/NPJ2018SeniorProject/NPJ2018SeniorProject.uproject" ]
[2018.03.11-02.30.40:261][981]Warning: Starting HotReload took  0.1s.
[2018.03.11-02.32.18:331][912]CompilerResultsLog: New page: Compilation - Mar 10, 2018, 4:32:18 PM
[2018.03.11-02.32.18:332][912]CompilerResultsLog: Compiling game modules for hot reload
[2018.03.11-02.32.18:332][912]CompilerResultsLog: Parsing headers for NPJ2018SeniorProjectEditor
[2018.03.11-02.32.18:332][912]CompilerResultsLog:   Running UnrealHeaderTool "C:\Users\Noah\Documents\GitHub\UE4Project\NPJ2018SeniorProject\NPJ2018SeniorProject.uproject" "C:\Users\Noah\Documents\GitHub\UE4Project\NPJ2018SeniorProject\Intermediate\Build\Win64\NPJ2018SeniorProjectEditor\Development\NPJ2018SeniorProjectEditor.uhtmanifest" -LogCmds="loginit warning, logexit warning, logdatabase error" -Unattended -WarningsAsErrors -installed
[2018.03.11-02.32.18:333][912]CompilerResultsLog: Reflection code generated for NPJ2018SeniorProjectEditor in 31.8434233 seconds
[2018.03.11-02.32.18:333][912]CompilerResultsLog: Performing 3 actions (4 in parallel)
[2018.03.11-02.32.18:334][912]CompilerResultsLog: NPJ2018SeniorProjectCharacter.cpp
[2018.03.11-02.32.18:334][912]CompilerResultsLog: [2/3] Link UE4Editor-NPJ2018SeniorProject-3482.dll
[2018.03.11-02.32.18:334][912]CompilerResultsLog: [3/3] Link UE4Editor-NPJ2018SeniorProject-3482.lib
[2018.03.11-02.32.18:334][912]CompilerResultsLog:    Creating library C:\Users\Noah\Documents\GitHub\UE4Project\NPJ2018SeniorProject\Intermediate\Build\Win64\UE4Editor\Development\UE4Editor-NPJ2018SeniorProject-3482.lib and object C:\Users\Noah\Documents\GitHub\UE4Project\NPJ2018SeniorProject\Intermediate\Build\Win64\UE4Editor\Development\UE4Editor-NPJ2018SeniorProject-3482.exp
[2018.03.11-02.32.18:335][912]CompilerResultsLog:    Creating library C:\Users\Noah\Documents\GitHub\UE4Project\NPJ2018SeniorProject\Intermediate\Build\Win64\UE4Editor\Development\UE4Editor-NPJ2018SeniorProject-3482.suppressed.lib and object C:\Users\Noah\Documents\GitHub\UE4Project\NPJ2018SeniorProject\Intermediate\Build\Win64\UE4Editor\Development\UE4Editor-NPJ2018SeniorProject-3482.suppressed.exp
[2018.03.11-02.32.18:336][912]CompilerResultsLog: Total build time: 97.16 seconds (Local executor: 8.34 seconds)
[2018.03.11-02.32.18:336][912]LogMainFrame: MainFrame: Module compiling took 98.106 seconds
[2018.03.11-02.32.18:513][912]LogClass: EProjectPlayState HotReload.
[2018.03.11-02.32.18:516][912]LogHotReload: Re-instancing NPJ2018SeniorProjectCharacter after hot-reload.
[2018.03.11-02.32.18:745][912]LogHotReload: Re-instancing SpawnVolume after hot-reload.
[2018.03.11-02.32.18:859][912]LogContentBrowser: Native class hierarchy updated for 'NPJ2018SeniorProject' in 0.0036 seconds. Added 5 classes and 3 folders.
[2018.03.11-02.32.18:864][912]Display: HotReload successful (16 functions remapped  0 scriptstructs remapped)
[2018.03.11-02.32.18:952][912]LogContentBrowser: Native class hierarchy populated in 0.0153 seconds. Added 2393 classes and 507 folders.
[2018.03.11-02.32.18:952][912]Display: HotReload took 98.8s.
[2018.03.11-02.32.21:629][996]LogTemp: Repeating last play command: Selected Viewport
[2018.03.11-02.32.21:736][996]LogPlayLevel: PlayLevel: No blueprints needed recompiling
[2018.03.11-02.32.21:736][996]PIE: New page: PIE session: CollectionLevel (Mar 10, 2018, 4:32:21 PM)
[2018.03.11-02.32.21:736][996]LogPlayLevel: Creating play world package: /Game/ThirdPersonCPP/Maps/UEDPIE_0_CollectionLevel
[2018.03.11-02.32.21:740][996]LogPlayLevel: PIE: StaticDuplicateObject took: (0.003307s)
[2018.03.11-02.32.21:741][996]LogAIModule: Creating AISystem for world CollectionLevel
[2018.03.11-02.32.21:741][996]LogPlayLevel: PIE: World Init took: (0.001145s)
[2018.03.11-02.32.21:741][996]LogPlayLevel: PIE: Created PIE world by copying editor world from /Game/ThirdPersonCPP/Maps/CollectionLevel.CollectionLevel to /Game/ThirdPersonCPP/Maps/UEDPIE_0_CollectionLevel.CollectionLevel (0.005066s)
[2018.03.11-02.32.21:757][996]LogInit: XAudio2 using 'Speakers (High Definition Audio Device)' : 2 channels at 48 kHz using 16 bits per sample (channel mask 0x3)
[2018.03.11-02.32.21:768][996]LogInit: FAudioDevice initialized.
[2018.03.11-02.32.21:840][996]LogLoad: Game class is 'GameModeBP_C'
[2018.03.11-02.32.21:845][996]LogWorld: Bringing World /Game/ThirdPersonCPP/Maps/UEDPIE_0_CollectionLevel.CollectionLevel up for play (max tick rate 60) at 2018.03.10-21.32.21
[2018.03.11-02.32.21:845][996]LogWorld: Bringing up level for play took: 0.002869
[2018.03.11-02.32.21:921][996]LogContentBrowser: Native class hierarchy updated for 'MovieSceneCapture' in 0.0029 seconds. Added 11 classes and 0 folders.
[2018.03.11-02.32.21:927][996]PIE: Play in editor start time for /Game/ThirdPersonCPP/Maps/UEDPIE_0_CollectionLevel 0.5
[2018.03.11-02.33.47:866][809]Candidate modules for hot reload:
[2018.03.11-02.33.47:867][809]  NPJ2018SeniorProject
[2018.03.11-02.33.47:868][809]Launching UnrealBuildTool... [C:/Program Files/Epic Games/UE_4.17/Engine/Binaries/DotNET/UnrealBuildTool.exe NPJ2018SeniorProject -ModuleWithSuffix NPJ2018SeniorProject 2676 Win64 Development -editorrecompile -canskiplink "C:/Users/Noah/Documents/GitHub/UE4Project/NPJ2018SeniorProject/NPJ2018SeniorProject.uproject" ]
[2018.03.11-02.33.47:899][809]Warning: Starting HotReload took  0.1s.
[2018.03.11-02.34.47:850][681]CompilerResultsLog: New page: Compilation - Mar 10, 2018, 4:34:47 PM
[2018.03.11-02.34.47:851][681]CompilerResultsLog: Compiling game modules for hot reload
[2018.03.11-02.34.47:852][681]CompilerResultsLog: Parsing headers for NPJ2018SeniorProjectEditor
[2018.03.11-02.34.47:852][681]CompilerResultsLog:   Running UnrealHeaderTool "C:\Users\Noah\Documents\GitHub\UE4Project\NPJ2018SeniorProject\NPJ2018SeniorProject.uproject" "C:\Users\Noah\Documents\GitHub\UE4Project\NPJ2018SeniorProject\Intermediate\Build\Win64\NPJ2018SeniorProjectEditor\Development\NPJ2018SeniorProjectEditor.uhtmanifest" -LogCmds="loginit warning, logexit warning, logdatabase error" -Unattended -WarningsAsErrors -installed
[2018.03.11-02.34.47:853][681]CompilerResultsLog: Reflection code generated for NPJ2018SeniorProjectEditor in 35.5319223 seconds
[2018.03.11-02.34.47:853][681]CompilerResultsLog: Performing 3 actions (4 in parallel)
[2018.03.11-02.34.47:853][681]CompilerResultsLog: NPJ2018SeniorProjectCharacter.cpp
[2018.03.11-02.34.47:854][681]CompilerResultsLog: [2/3] Link UE4Editor-NPJ2018SeniorProject-2676.dll
[2018.03.11-02.34.47:854][681]CompilerResultsLog: [3/3] Link UE4Editor-NPJ2018SeniorProject-2676.lib
[2018.03.11-02.34.47:854][681]CompilerResultsLog:    Creating library C:\Users\Noah\Documents\GitHub\UE4Project\NPJ2018SeniorProject\Intermediate\Build\Win64\UE4Editor\Development\UE4Editor-NPJ2018SeniorProject-2676.suppressed.lib and object C:\Users\Noah\Documents\GitHub\UE4Project\NPJ2018SeniorProject\Intermediate\Build\Win64\UE4Editor\Development\UE4Editor-NPJ2018SeniorProject-2676.suppressed.exp
[2018.03.11-02.34.47:855][681]CompilerResultsLog:    Creating library C:\Users\Noah\Documents\GitHub\UE4Project\NPJ2018SeniorProject\Intermediate\Build\Win64\UE4Editor\Development\UE4Editor-NPJ2018SeniorProject-2676.lib and object C:\Users\Noah\Documents\GitHub\UE4Project\NPJ2018SeniorProject\Intermediate\Build\Win64\UE4Editor\Development\UE4Editor-NPJ2018SeniorProject-2676.exp
[2018.03.11-02.34.47:855][681]CompilerResultsLog: Total build time: 58.60 seconds (Local executor: 6.59 seconds)
[2018.03.11-02.34.47:856][681]LogMainFrame: MainFrame: Module compiling took 60.002 seconds
[2018.03.11-02.34.48:031][681]LogClass: EProjectPlayState HotReload.
[2018.03.11-02.34.48:038][681]LogHotReload: Re-instancing NPJ2018SeniorProjectCharacter after hot-reload.
[2018.03.11-02.34.48:257][681]LogHotReload: Re-instancing SpawnVolume after hot-reload.
[2018.03.11-02.34.48:388][681]LogContentBrowser: Native class hierarchy updated for 'NPJ2018SeniorProject' in 0.0036 seconds. Added 5 classes and 3 folders.
[2018.03.11-02.34.48:391][681]Display: HotReload successful (16 functions remapped  0 scriptstructs remapped)
[2018.03.11-02.34.48:448][681]LogContentBrowser: Native class hierarchy populated in 0.0157 seconds. Added 2393 classes and 507 folders.
[2018.03.11-02.34.48:449][681]Display: HotReload took 60.6s.
[2018.03.11-02.34.50:613][751]LogTemp: Repeating last play command: Selected Viewport
[2018.03.11-02.34.50:677][751]LogPlayLevel: PlayLevel: No blueprints needed recompiling
[2018.03.11-02.34.50:677][751]PIE: New page: PIE session: CollectionLevel (Mar 10, 2018, 4:34:50 PM)
[2018.03.11-02.34.50:678][751]LogPlayLevel: Creating play world package: /Game/ThirdPersonCPP/Maps/UEDPIE_0_CollectionLevel
[2018.03.11-02.34.50:685][751]LogPlayLevel: PIE: StaticDuplicateObject took: (0.006414s)
[2018.03.11-02.34.50:686][751]LogAIModule: Creating AISystem for world CollectionLevel
[2018.03.11-02.34.50:687][751]LogPlayLevel: PIE: World Init took: (0.001307s)
[2018.03.11-02.34.50:687][751]LogPlayLevel: PIE: Created PIE world by copying editor world from /Game/ThirdPersonCPP/Maps/CollectionLevel.CollectionLevel to /Game/ThirdPersonCPP/Maps/UEDPIE_0_CollectionLevel.CollectionLevel (0.009000s)
[2018.03.11-02.34.50:709][751]LogInit: XAudio2 using 'Speakers (High Definition Audio Device)' : 2 channels at 48 kHz using 16 bits per sample (channel mask 0x3)
[2018.03.11-02.34.50:719][751]LogInit: FAudioDevice initialized.
[2018.03.11-02.34.50:758][751]LogLoad: Game class is 'GameModeBP_C'
[2018.03.11-02.34.50:762][751]LogWorld: Bringing World /Game/ThirdPersonCPP/Maps/UEDPIE_0_CollectionLevel.CollectionLevel up for play (max tick rate 60) at 2018.03.10-21.34.50
[2018.03.11-02.34.50:763][751]LogWorld: Bringing up level for play took: 0.003254
[2018.03.11-02.34.50:767][751]PIE: Play in editor start time for /Game/ThirdPersonCPP/Maps/UEDPIE_0_CollectionLevel -0.661
[2018.03.11-02.47.37:792][265]Candidate modules for hot reload:
[2018.03.11-02.47.37:793][265]  NPJ2018SeniorProject
[2018.03.11-02.47.37:793][265]Launching UnrealBuildTool... [C:/Program Files/Epic Games/UE_4.17/Engine/Binaries/DotNET/UnrealBuildTool.exe NPJ2018SeniorProject -ModuleWithSuffix NPJ2018SeniorProject 2389 Win64 Development -editorrecompile -canskiplink "C:/Users/Noah/Documents/GitHub/UE4Project/NPJ2018SeniorProject/NPJ2018SeniorProject.uproject" ]
[2018.03.11-02.47.37:838][265]Warning: Starting HotReload took  0.1s.
[2018.03.11-02.48.04:116][430]CompilerResultsLog: New page: Compilation - Mar 10, 2018, 4:48:04 PM
[2018.03.11-02.48.04:116][430]CompilerResultsLog: Compiling game modules for hot reload
[2018.03.11-02.48.04:116][430]CompilerResultsLog: Parsing headers for NPJ2018SeniorProjectEditor
[2018.03.11-02.48.04:116][430]CompilerResultsLog:   Running UnrealHeaderTool "C:\Users\Noah\Documents\GitHub\UE4Project\NPJ2018SeniorProject\NPJ2018SeniorProject.uproject" "C:\Users\Noah\Documents\GitHub\UE4Project\NPJ2018SeniorProject\Intermediate\Build\Win64\NPJ2018SeniorProjectEditor\Development\NPJ2018SeniorProjectEditor.uhtmanifest" -LogCmds="loginit warning, logexit warning, logdatabase error" -Unattended -WarningsAsErrors -installed
[2018.03.11-02.48.04:117][430]CompilerResultsLog: Reflection code generated for NPJ2018SeniorProjectEditor in 11.7224008 seconds
[2018.03.11-02.48.04:117][430]CompilerResultsLog: Performing 3 actions (4 in parallel)
[2018.03.11-02.48.04:117][430]CompilerResultsLog: NPJ2018SeniorProjectCharacter.cpp
[2018.03.11-02.48.04:117][430]CompilerResultsLog: [2/3] Link UE4Editor-NPJ2018SeniorProject-2389.dll
[2018.03.11-02.48.04:117][430]CompilerResultsLog: [3/3] Link UE4Editor-NPJ2018SeniorProject-2389.lib
[2018.03.11-02.48.04:117][430]CompilerResultsLog:    Creating library C:\Users\Noah\Documents\GitHub\UE4Project\NPJ2018SeniorProject\Intermediate\Build\Win64\UE4Editor\Development\UE4Editor-NPJ2018SeniorProject-2389.suppressed.lib and object C:\Users\Noah\Documents\GitHub\UE4Project\NPJ2018SeniorProject\Intermediate\Build\Win64\UE4Editor\Development\UE4Editor-NPJ2018SeniorProject-2389.suppressed.exp
[2018.03.11-02.48.04:118][430]CompilerResultsLog:    Creating library C:\Users\Noah\Documents\GitHub\UE4Project\NPJ2018SeniorProject\Intermediate\Build\Win64\UE4Editor\Development\UE4Editor-NPJ2018SeniorProject-2389.lib and object C:\Users\Noah\Documents\GitHub\UE4Project\NPJ2018SeniorProject\Intermediate\Build\Win64\UE4Editor\Development\UE4Editor-NPJ2018SeniorProject-2389.exp
[2018.03.11-02.48.04:118][430]CompilerResultsLog: Total build time: 25.06 seconds (Local executor: 5.48 seconds)
[2018.03.11-02.48.04:118][430]LogMainFrame: MainFrame: Module compiling took 26.337 seconds
[2018.03.11-02.48.04:214][430]LogClass: EProjectPlayState HotReload.
[2018.03.11-02.48.04:217][430]LogHotReload: Re-instancing NPJ2018SeniorProjectCharacter after hot-reload.
[2018.03.11-02.48.04:397][430]LogHotReload: Re-instancing SpawnVolume after hot-reload.
[2018.03.11-02.48.04:497][430]LogContentBrowser: Native class hierarchy updated for 'NPJ2018SeniorProject' in 0.0037 seconds. Added 5 classes and 3 folders.
[2018.03.11-02.48.04:501][430]Display: HotReload successful (16 functions remapped  0 scriptstructs remapped)
[2018.03.11-02.48.04:541][430]LogContentBrowser: Native class hierarchy populated in 0.0131 seconds. Added 2393 classes and 507 folders.
[2018.03.11-02.48.04:541][430]Display: HotReload took 26.8s.
[2018.03.11-02.48.13:578][508]LogTemp: Repeating last play command: Selected Viewport
[2018.03.11-02.48.13:631][508]LogPlayLevel: PlayLevel: No blueprints needed recompiling
[2018.03.11-02.48.13:633][508]PIE: New page: PIE session: CollectionLevel (Mar 10, 2018, 4:48:13 PM)
[2018.03.11-02.48.13:634][508]LogPlayLevel: Creating play world package: /Game/ThirdPersonCPP/Maps/UEDPIE_0_CollectionLevel
[2018.03.11-02.48.13:650][508]LogPlayLevel: PIE: StaticDuplicateObject took: (0.014462s)
[2018.03.11-02.48.13:651][508]LogAIModule: Creating AISystem for world CollectionLevel
[2018.03.11-02.48.13:651][508]LogPlayLevel: PIE: World Init took: (0.001178s)
[2018.03.11-02.48.13:652][508]LogPlayLevel: PIE: Created PIE world by copying editor world from /Game/ThirdPersonCPP/Maps/CollectionLevel.CollectionLevel to /Game/ThirdPersonCPP/Maps/UEDPIE_0_CollectionLevel.CollectionLevel (0.017787s)
[2018.03.11-02.48.13:668][508]LogInit: XAudio2 using 'Speakers (High Definition Audio Device)' : 2 channels at 48 kHz using 16 bits per sample (channel mask 0x3)
[2018.03.11-02.48.13:678][508]LogInit: FAudioDevice initialized.
[2018.03.11-02.48.13:715][508]LogLoad: Game class is 'GameModeBP_C'
[2018.03.11-02.48.13:719][508]LogWorld: Bringing World /Game/ThirdPersonCPP/Maps/UEDPIE_0_CollectionLevel.CollectionLevel up for play (max tick rate 60) at 2018.03.10-21.48.13
[2018.03.11-02.48.13:719][508]LogWorld: Bringing up level for play took: 0.002620
[2018.03.11-02.48.13:723][508]PIE: Play in editor start time for /Game/ThirdPersonCPP/Maps/UEDPIE_0_CollectionLevel 0.295
[2018.03.11-02.49.13:383][871]LogTemp: Repeating last play command: Selected Viewport
[2018.03.11-02.49.13:427][871]LogPlayLevel: PlayLevel: No blueprints needed recompiling
[2018.03.11-02.49.13:428][871]PIE: New page: PIE session: CollectionLevel (Mar 10, 2018, 4:49:13 PM)
[2018.03.11-02.49.13:428][871]LogPlayLevel: Creating play world package: /Game/ThirdPersonCPP/Maps/UEDPIE_0_CollectionLevel
[2018.03.11-02.49.13:447][871]LogPlayLevel: PIE: StaticDuplicateObject took: (0.018671s)
[2018.03.11-02.49.13:451][871]LogAIModule: Creating AISystem for world CollectionLevel
[2018.03.11-02.49.13:452][871]LogPlayLevel: PIE: World Init took: (0.004375s)
[2018.03.11-02.49.13:453][871]LogPlayLevel: PIE: Created PIE world by copying editor world from /Game/ThirdPersonCPP/Maps/CollectionLevel.CollectionLevel to /Game/ThirdPersonCPP/Maps/UEDPIE_0_CollectionLevel.CollectionLevel (0.024437s)
[2018.03.11-02.49.13:471][871]LogInit: XAudio2 using 'Speakers (High Definition Audio Device)' : 2 channels at 48 kHz using 16 bits per sample (channel mask 0x3)
[2018.03.11-02.49.13:479][871]LogInit: FAudioDevice initialized.
[2018.03.11-02.49.13:516][871]LogLoad: Game class is 'GameModeBP_C'
[2018.03.11-02.49.13:520][871]LogWorld: Bringing World /Game/ThirdPersonCPP/Maps/UEDPIE_0_CollectionLevel.CollectionLevel up for play (max tick rate 60) at 2018.03.10-21.49.13
[2018.03.11-02.49.13:520][871]LogWorld: Bringing up level for play took: 0.003053
[2018.03.11-02.49.13:524][871]PIE: Play in editor start time for /Game/ThirdPersonCPP/Maps/UEDPIE_0_CollectionLevel 0.096
[2018.03.11-02.58.50:369][435]Candidate modules for hot reload:
[2018.03.11-02.58.50:370][435]  NPJ2018SeniorProject
[2018.03.11-02.58.50:370][435]Launching UnrealBuildTool... [C:/Program Files/Epic Games/UE_4.17/Engine/Binaries/DotNET/UnrealBuildTool.exe NPJ2018SeniorProject -ModuleWithSuffix NPJ2018SeniorProject 9625 Win64 Development -editorrecompile -canskiplink "C:/Users/Noah/Documents/GitHub/UE4Project/NPJ2018SeniorProject/NPJ2018SeniorProject.uproject" ]
[2018.03.11-02.58.50:415][435]Warning: Starting HotReload took  0.1s.
[2018.03.11-02.59.42:336][902]CompilerResultsLog: New page: Compilation - Mar 10, 2018, 4:59:42 PM
[2018.03.11-02.59.42:337][902]CompilerResultsLog: Compiling game modules for hot reload
[2018.03.11-02.59.42:338][902]CompilerResultsLog: Parsing headers for NPJ2018SeniorProjectEditor
[2018.03.11-02.59.42:338][902]CompilerResultsLog:   Running UnrealHeaderTool "C:\Users\Noah\Documents\GitHub\UE4Project\NPJ2018SeniorProject\NPJ2018SeniorProject.uproject" "C:\Users\Noah\Documents\GitHub\UE4Project\NPJ2018SeniorProject\Intermediate\Build\Win64\NPJ2018SeniorProjectEditor\Development\NPJ2018SeniorProjectEditor.uhtmanifest" -LogCmds="loginit warning, logexit warning, logdatabase error" -Unattended -WarningsAsErrors -installed
[2018.03.11-02.59.42:339][902]CompilerResultsLog: Reflection code generated for NPJ2018SeniorProjectEditor in 28.8450552 seconds
[2018.03.11-02.59.42:339][902]CompilerResultsLog: Performing 3 actions (4 in parallel)
[2018.03.11-02.59.42:340][902]CompilerResultsLog: NPJ2018SeniorProjectCharacter.cpp
[2018.03.11-02.59.42:340][902]CompilerResultsLog: [2/3] Link UE4Editor-NPJ2018SeniorProject-9625.dll
[2018.03.11-02.59.42:340][902]CompilerResultsLog: [3/3] Link UE4Editor-NPJ2018SeniorProject-9625.lib
[2018.03.11-02.59.42:341][902]CompilerResultsLog:    Creating library C:\Users\Noah\Documents\GitHub\UE4Project\NPJ2018SeniorProject\Intermediate\Build\Win64\UE4Editor\Development\UE4Editor-NPJ2018SeniorProject-9625.suppressed.lib and object C:\Users\Noah\Documents\GitHub\UE4Project\NPJ2018SeniorProject\Intermediate\Build\Win64\UE4Editor\Development\UE4Editor-NPJ2018SeniorProject-9625.suppressed.exp
[2018.03.11-02.59.42:342][902]CompilerResultsLog:    Creating library C:\Users\Noah\Documents\GitHub\UE4Project\NPJ2018SeniorProject\Intermediate\Build\Win64\UE4Editor\Development\UE4Editor-NPJ2018SeniorProject-9625.lib and object C:\Users\Noah\Documents\GitHub\UE4Project\NPJ2018SeniorProject\Intermediate\Build\Win64\UE4Editor\Development\UE4Editor-NPJ2018SeniorProject-9625.exp
[2018.03.11-02.59.42:342][902]CompilerResultsLog: Total build time: 51.24 seconds (Local executor: 7.11 seconds)
[2018.03.11-02.59.42:342][902]LogMainFrame: MainFrame: Module compiling took 51.990 seconds
[2018.03.11-02.59.42:498][902]LogClass: EProjectPlayState HotReload.
[2018.03.11-02.59.42:501][902]LogHotReload: Re-instancing NPJ2018SeniorProjectCharacter after hot-reload.
[2018.03.11-02.59.42:721][902]LogHotReload: Re-instancing SpawnVolume after hot-reload.
[2018.03.11-02.59.42:863][902]LogContentBrowser: Native class hierarchy updated for 'NPJ2018SeniorProject' in 0.0049 seconds. Added 5 classes and 3 folders.
[2018.03.11-02.59.42:865][902]Display: HotReload successful (16 functions remapped  0 scriptstructs remapped)
[2018.03.11-02.59.42:919][902]LogContentBrowser: Native class hierarchy populated in 0.0158 seconds. Added 2393 classes and 507 folders.
[2018.03.11-02.59.42:919][902]Display: HotReload took 52.6s.
[2018.03.11-02.59.45:070][964]LogTemp: Repeating last play command: Selected Viewport
[2018.03.11-02.59.45:108][964]LogPlayLevel: PlayLevel: No blueprints needed recompiling
[2018.03.11-02.59.45:108][964]PIE: New page: PIE session: CollectionLevel (Mar 10, 2018, 4:59:45 PM)
[2018.03.11-02.59.45:109][964]LogPlayLevel: Creating play world package: /Game/ThirdPersonCPP/Maps/UEDPIE_0_CollectionLevel
[2018.03.11-02.59.45:119][964]LogPlayLevel: PIE: StaticDuplicateObject took: (0.009842s)
[2018.03.11-02.59.45:121][964]LogAIModule: Creating AISystem for world CollectionLevel
[2018.03.11-02.59.45:122][964]LogPlayLevel: PIE: World Init took: (0.001899s)
[2018.03.11-02.59.45:122][964]LogPlayLevel: PIE: Created PIE world by copying editor world from /Game/ThirdPersonCPP/Maps/CollectionLevel.CollectionLevel to /Game/ThirdPersonCPP/Maps/UEDPIE_0_CollectionLevel.CollectionLevel (0.013371s)
[2018.03.11-02.59.45:151][964]LogInit: XAudio2 using 'Speakers (High Definition Audio Device)' : 2 channels at 48 kHz using 16 bits per sample (channel mask 0x3)
[2018.03.11-02.59.45:162][964]LogInit: FAudioDevice initialized.
[2018.03.11-02.59.45:194][964]LogLoad: Game class is 'GameModeBP_C'
[2018.03.11-02.59.45:198][964]LogWorld: Bringing World /Game/ThirdPersonCPP/Maps/UEDPIE_0_CollectionLevel.CollectionLevel up for play (max tick rate 60) at 2018.03.10-21.59.45
[2018.03.11-02.59.45:199][964]LogWorld: Bringing up level for play took: 0.003324
[2018.03.11-02.59.45:203][964]PIE: Play in editor start time for /Game/ThirdPersonCPP/Maps/UEDPIE_0_CollectionLevel -0.225
[2018.03.11-03.08.41:707][877]Candidate modules for hot reload:
[2018.03.11-03.08.41:707][877]  NPJ2018SeniorProject
[2018.03.11-03.08.41:708][877]Launching UnrealBuildTool... [C:/Program Files/Epic Games/UE_4.17/Engine/Binaries/DotNET/UnrealBuildTool.exe NPJ2018SeniorProject -ModuleWithSuffix NPJ2018SeniorProject 6014 Win64 Development -editorrecompile -canskiplink "C:/Users/Noah/Documents/GitHub/UE4Project/NPJ2018SeniorProject/NPJ2018SeniorProject.uproject" ]
[2018.03.11-03.08.41:837][877]Warning: Starting HotReload took  0.2s.
[2018.03.11-03.09.39:819][458]CompilerResultsLog: New page: Compilation - Mar 10, 2018, 5:09:39 PM
[2018.03.11-03.09.39:820][458]CompilerResultsLog: Compiling game modules for hot reload
[2018.03.11-03.09.39:820][458]CompilerResultsLog: Parsing headers for NPJ2018SeniorProjectEditor
[2018.03.11-03.09.39:820][458]CompilerResultsLog:   Running UnrealHeaderTool "C:\Users\Noah\Documents\GitHub\UE4Project\NPJ2018SeniorProject\NPJ2018SeniorProject.uproject" "C:\Users\Noah\Documents\GitHub\UE4Project\NPJ2018SeniorProject\Intermediate\Build\Win64\NPJ2018SeniorProjectEditor\Development\NPJ2018SeniorProjectEditor.uhtmanifest" -LogCmds="loginit warning, logexit warning, logdatabase error" -Unattended -WarningsAsErrors -installed
[2018.03.11-03.09.39:821][458]CompilerResultsLog: Reflection code generated for NPJ2018SeniorProjectEditor in 34.3103928 seconds
[2018.03.11-03.09.39:821][458]CompilerResultsLog: Performing 3 actions (4 in parallel)
[2018.03.11-03.09.39:821][458]CompilerResultsLog: NPJ2018SeniorProjectCharacter.cpp
[2018.03.11-03.09.39:821][458]CompilerResultsLog: [2/3] Link UE4Editor-NPJ2018SeniorProject-6014.dll
[2018.03.11-03.09.39:821][458]CompilerResultsLog: [3/3] Link UE4Editor-NPJ2018SeniorProject-6014.lib
[2018.03.11-03.09.39:822][458]CompilerResultsLog:    Creating library C:\Users\Noah\Documents\GitHub\UE4Project\NPJ2018SeniorProject\Intermediate\Build\Win64\UE4Editor\Development\UE4Editor-NPJ2018SeniorProject-6014.suppressed.lib and object C:\Users\Noah\Documents\GitHub\UE4Project\NPJ2018SeniorProject\Intermediate\Build\Win64\UE4Editor\Development\UE4Editor-NPJ2018SeniorProject-6014.suppressed.exp
[2018.03.11-03.09.39:823][458]CompilerResultsLog:    Creating library C:\Users\Noah\Documents\GitHub\UE4Project\NPJ2018SeniorProject\Intermediate\Build\Win64\UE4Editor\Development\UE4Editor-NPJ2018SeniorProject-6014.lib and object C:\Users\Noah\Documents\GitHub\UE4Project\NPJ2018SeniorProject\Intermediate\Build\Win64\UE4Editor\Development\UE4Editor-NPJ2018SeniorProject-6014.exp
[2018.03.11-03.09.39:824][458]CompilerResultsLog: Total build time: 57.00 seconds (Local executor: 7.24 seconds)
[2018.03.11-03.09.39:824][458]LogMainFrame: MainFrame: Module compiling took 58.127 seconds
[2018.03.11-03.09.40:003][458]LogClass: EProjectPlayState HotReload.
[2018.03.11-03.09.40:008][458]LogHotReload: Re-instancing NPJ2018SeniorProjectCharacter after hot-reload.
[2018.03.11-03.09.40:252][458]LogHotReload: Re-instancing SpawnVolume after hot-reload.
[2018.03.11-03.09.40:401][458]LogContentBrowser: Native class hierarchy updated for 'NPJ2018SeniorProject' in 0.0040 seconds. Added 5 classes and 3 folders.
[2018.03.11-03.09.40:404][458]Display: HotReload successful (16 functions remapped  0 scriptstructs remapped)
[2018.03.11-03.09.40:483][458]LogContentBrowser: Native class hierarchy populated in 0.0262 seconds. Added 2393 classes and 507 folders.
[2018.03.11-03.09.40:484][458]Display: HotReload took 58.8s.
[2018.03.11-03.09.42:488][515]LogTemp: Repeating last play command: Selected Viewport
[2018.03.11-03.09.42:534][515]LogPlayLevel: PlayLevel: No blueprints needed recompiling
[2018.03.11-03.09.42:535][515]PIE: New page: PIE session: CollectionLevel (Mar 10, 2018, 5:09:42 PM)
[2018.03.11-03.09.42:536][515]LogPlayLevel: Creating play world package: /Game/ThirdPersonCPP/Maps/UEDPIE_0_CollectionLevel
[2018.03.11-03.09.42:545][515]LogPlayLevel: PIE: StaticDuplicateObject took: (0.008205s)
[2018.03.11-03.09.42:546][515]LogAIModule: Creating AISystem for world CollectionLevel
[2018.03.11-03.09.42:547][515]LogPlayLevel: PIE: World Init took: (0.001697s)
[2018.03.11-03.09.42:547][515]LogPlayLevel: PIE: Created PIE world by copying editor world from /Game/ThirdPersonCPP/Maps/CollectionLevel.CollectionLevel to /Game/ThirdPersonCPP/Maps/UEDPIE_0_CollectionLevel.CollectionLevel (0.011244s)
[2018.03.11-03.09.42:579][515]LogInit: XAudio2 using 'Speakers (High Definition Audio Device)' : 2 channels at 48 kHz using 16 bits per sample (channel mask 0x3)
[2018.03.11-03.09.42:591][515]LogInit: FAudioDevice initialized.
[2018.03.11-03.09.42:624][515]LogLoad: Game class is 'GameModeBP_C'
[2018.03.11-03.09.42:627][515]LogWorld: Bringing World /Game/ThirdPersonCPP/Maps/UEDPIE_0_CollectionLevel.CollectionLevel up for play (max tick rate 60) at 2018.03.10-22.09.42
[2018.03.11-03.09.42:628][515]LogWorld: Bringing up level for play took: 0.002922
[2018.03.11-03.09.42:632][515]PIE: Play in editor start time for /Game/ThirdPersonCPP/Maps/UEDPIE_0_CollectionLevel -0.796
[2018.03.11-03.14.47:963][776]Candidate modules for hot reload:
[2018.03.11-03.14.47:963][776]  NPJ2018SeniorProject
[2018.03.11-03.14.47:963][776]Launching UnrealBuildTool... [C:/Program Files/Epic Games/UE_4.17/Engine/Binaries/DotNET/UnrealBuildTool.exe NPJ2018SeniorProject -ModuleWithSuffix NPJ2018SeniorProject 6018 Win64 Development -editorrecompile -canskiplink "C:/Users/Noah/Documents/GitHub/UE4Project/NPJ2018SeniorProject/NPJ2018SeniorProject.uproject" ]
[2018.03.11-03.14.48:011][776]Warning: Starting HotReload took  0.1s.
[2018.03.11-03.15.39:535][ 72]CompilerResultsLog: New page: Compilation - Mar 10, 2018, 5:15:39 PM
[2018.03.11-03.15.39:535][ 72]CompilerResultsLog: Compiling game modules for hot reload
[2018.03.11-03.15.39:536][ 72]CompilerResultsLog: Parsing headers for NPJ2018SeniorProjectEditor
[2018.03.11-03.15.39:536][ 72]CompilerResultsLog:   Running UnrealHeaderTool "C:\Users\Noah\Documents\GitHub\UE4Project\NPJ2018SeniorProject\NPJ2018SeniorProject.uproject" "C:\Users\Noah\Documents\GitHub\UE4Project\NPJ2018SeniorProject\Intermediate\Build\Win64\NPJ2018SeniorProjectEditor\Development\NPJ2018SeniorProjectEditor.uhtmanifest" -LogCmds="loginit warning, logexit warning, logdatabase error" -Unattended -WarningsAsErrors -installed
[2018.03.11-03.15.39:537][ 72]CompilerResultsLog: Reflection code generated for NPJ2018SeniorProjectEditor in 29.5017091 seconds
[2018.03.11-03.15.39:538][ 72]CompilerResultsLog: Performing 3 actions (4 in parallel)
[2018.03.11-03.15.39:538][ 72]CompilerResultsLog: NPJ2018SeniorProjectCharacter.cpp
[2018.03.11-03.15.39:538][ 72]CompilerResultsLog: [2/3] Link UE4Editor-NPJ2018SeniorProject-6018.dll
[2018.03.11-03.15.39:538][ 72]CompilerResultsLog: [3/3] Link UE4Editor-NPJ2018SeniorProject-6018.lib
[2018.03.11-03.15.39:538][ 72]CompilerResultsLog:    Creating library C:\Users\Noah\Documents\GitHub\UE4Project\NPJ2018SeniorProject\Intermediate\Build\Win64\UE4Editor\Development\UE4Editor-NPJ2018SeniorProject-6018.suppressed.lib and object C:\Users\Noah\Documents\GitHub\UE4Project\NPJ2018SeniorProject\Intermediate\Build\Win64\UE4Editor\Development\UE4Editor-NPJ2018SeniorProject-6018.suppressed.exp
[2018.03.11-03.15.39:539][ 72]CompilerResultsLog:    Creating library C:\Users\Noah\Documents\GitHub\UE4Project\NPJ2018SeniorProject\Intermediate\Build\Win64\UE4Editor\Development\UE4Editor-NPJ2018SeniorProject-6018.lib and object C:\Users\Noah\Documents\GitHub\UE4Project\NPJ2018SeniorProject\Intermediate\Build\Win64\UE4Editor\Development\UE4Editor-NPJ2018SeniorProject-6018.exp
[2018.03.11-03.15.39:540][ 72]CompilerResultsLog: Total build time: 50.75 seconds (Local executor: 5.22 seconds)
[2018.03.11-03.15.39:540][ 72]LogMainFrame: MainFrame: Module compiling took 51.587 seconds
[2018.03.11-03.15.39:676][ 72]LogClass: EProjectPlayState HotReload.
[2018.03.11-03.15.39:681][ 72]LogHotReload: Re-instancing NPJ2018SeniorProjectCharacter after hot-reload.
[2018.03.11-03.15.39:911][ 72]LogHotReload: Re-instancing SpawnVolume after hot-reload.
[2018.03.11-03.15.40:056][ 72]LogContentBrowser: Native class hierarchy updated for 'NPJ2018SeniorProject' in 0.0034 seconds. Added 5 classes and 3 folders.
[2018.03.11-03.15.40:060][ 72]Display: HotReload successful (16 functions remapped  0 scriptstructs remapped)
[2018.03.11-03.15.40:117][ 72]LogContentBrowser: Native class hierarchy populated in 0.0163 seconds. Added 2393 classes and 507 folders.
[2018.03.11-03.15.40:118][ 72]Display: HotReload took 52.2s.
[2018.03.11-03.15.42:242][ 93]LogTemp: Repeating last play command: Selected Viewport
[2018.03.11-03.15.42:289][ 93]LogPlayLevel: PlayLevel: No blueprints needed recompiling
[2018.03.11-03.15.42:290][ 93]PIE: New page: PIE session: CollectionLevel (Mar 10, 2018, 5:15:42 PM)
[2018.03.11-03.15.42:291][ 93]LogPlayLevel: Creating play world package: /Game/ThirdPersonCPP/Maps/UEDPIE_0_CollectionLevel
[2018.03.11-03.15.42:304][ 93]LogPlayLevel: PIE: StaticDuplicateObject took: (0.012095s)
[2018.03.11-03.15.42:308][ 93]LogAIModule: Creating AISystem for world CollectionLevel
[2018.03.11-03.15.42:310][ 93]LogPlayLevel: PIE: World Init took: (0.004947s)
[2018.03.11-03.15.42:311][ 93]LogPlayLevel: PIE: Created PIE world by copying editor world from /Game/ThirdPersonCPP/Maps/CollectionLevel.CollectionLevel to /Game/ThirdPersonCPP/Maps/UEDPIE_0_CollectionLevel.CollectionLevel (0.019574s)
[2018.03.11-03.15.42:335][ 93]LogInit: XAudio2 using 'Speakers (High Definition Audio Device)' : 2 channels at 48 kHz using 16 bits per sample (channel mask 0x3)
[2018.03.11-03.15.42:346][ 93]LogInit: FAudioDevice initialized.
[2018.03.11-03.15.42:382][ 93]LogLoad: Game class is 'GameModeBP_C'
[2018.03.11-03.15.42:388][ 93]LogWorld: Bringing World /Game/ThirdPersonCPP/Maps/UEDPIE_0_CollectionLevel.CollectionLevel up for play (max tick rate 60) at 2018.03.10-22.15.42
[2018.03.11-03.15.42:389][ 93]LogWorld: Bringing up level for play took: 0.005523
[2018.03.11-03.15.42:393][ 93]PIE: Play in editor start time for /Game/ThirdPersonCPP/Maps/UEDPIE_0_CollectionLevel 0.965
[2018.03.11-03.19.11:593][  1]Candidate modules for hot reload:
[2018.03.11-03.19.11:593][  1]  NPJ2018SeniorProject
[2018.03.11-03.19.11:594][  1]Launching UnrealBuildTool... [C:/Program Files/Epic Games/UE_4.17/Engine/Binaries/DotNET/UnrealBuildTool.exe NPJ2018SeniorProject -ModuleWithSuffix NPJ2018SeniorProject 9575 Win64 Development -editorrecompile -canskiplink "C:/Users/Noah/Documents/GitHub/UE4Project/NPJ2018SeniorProject/NPJ2018SeniorProject.uproject" ]
[2018.03.11-03.19.11:628][  1]Warning: Starting HotReload took  0.1s.
[2018.03.11-03.20.18:041][870]CompilerResultsLog: New page: Compilation - Mar 10, 2018, 5:20:18 PM
[2018.03.11-03.20.18:042][870]CompilerResultsLog: Compiling game modules for hot reload
[2018.03.11-03.20.18:042][870]CompilerResultsLog: Parsing headers for NPJ2018SeniorProjectEditor
[2018.03.11-03.20.18:043][870]CompilerResultsLog:   Running UnrealHeaderTool "C:\Users\Noah\Documents\GitHub\UE4Project\NPJ2018SeniorProject\NPJ2018SeniorProject.uproject" "C:\Users\Noah\Documents\GitHub\UE4Project\NPJ2018SeniorProject\Intermediate\Build\Win64\NPJ2018SeniorProjectEditor\Development\NPJ2018SeniorProjectEditor.uhtmanifest" -LogCmds="loginit warning, logexit warning, logdatabase error" -Unattended -WarningsAsErrors -installed
[2018.03.11-03.20.18:043][870]CompilerResultsLog: Reflection code generated for NPJ2018SeniorProjectEditor in 39.0485698 seconds
[2018.03.11-03.20.18:044][870]CompilerResultsLog: Performing 3 actions (4 in parallel)
[2018.03.11-03.20.18:044][870]CompilerResultsLog: NPJ2018SeniorProjectCharacter.cpp
[2018.03.11-03.20.18:044][870]CompilerResultsLog: [2/3] Link UE4Editor-NPJ2018SeniorProject-9575.dll
[2018.03.11-03.20.18:044][870]CompilerResultsLog: [3/3] Link UE4Editor-NPJ2018SeniorProject-9575.lib
[2018.03.11-03.20.18:045][870]CompilerResultsLog:    Creating library C:\Users\Noah\Documents\GitHub\UE4Project\NPJ2018SeniorProject\Intermediate\Build\Win64\UE4Editor\Development\UE4Editor-NPJ2018SeniorProject-9575.suppressed.lib and object C:\Users\Noah\Documents\GitHub\UE4Project\NPJ2018SeniorProject\Intermediate\Build\Win64\UE4Editor\Development\UE4Editor-NPJ2018SeniorProject-9575.suppressed.exp
[2018.03.11-03.20.18:045][870]CompilerResultsLog:    Creating library C:\Users\Noah\Documents\GitHub\UE4Project\NPJ2018SeniorProject\Intermediate\Build\Win64\UE4Editor\Development\UE4Editor-NPJ2018SeniorProject-9575.lib and object C:\Users\Noah\Documents\GitHub\UE4Project\NPJ2018SeniorProject\Intermediate\Build\Win64\UE4Editor\Development\UE4Editor-NPJ2018SeniorProject-9575.exp
[2018.03.11-03.20.18:046][870]CompilerResultsLog: Total build time: 65.15 seconds (Local executor: 6.96 seconds)
[2018.03.11-03.20.18:046][870]LogMainFrame: MainFrame: Module compiling took 66.467 seconds
[2018.03.11-03.20.18:272][870]LogClass: EProjectPlayState HotReload.
[2018.03.11-03.20.18:276][870]LogHotReload: Re-instancing NPJ2018SeniorProjectCharacter after hot-reload.
[2018.03.11-03.20.18:494][870]LogHotReload: Re-instancing SpawnVolume after hot-reload.
[2018.03.11-03.20.18:658][870]LogContentBrowser: Native class hierarchy updated for 'NPJ2018SeniorProject' in 0.0051 seconds. Added 5 classes and 3 folders.
[2018.03.11-03.20.18:661][870]Display: HotReload successful (16 functions remapped  0 scriptstructs remapped)
[2018.03.11-03.20.18:718][870]LogContentBrowser: Native class hierarchy populated in 0.0206 seconds. Added 2393 classes and 507 folders.
[2018.03.11-03.20.18:718][870]Display: HotReload took 67.2s.
[2018.03.11-03.20.41:941][566]LogWindowsTextInputMethodSystem: Display: IME system now deactivated.
[2018.03.11-03.20.42:250][567]Cmd: QUIT_EDITOR
[2018.03.11-03.20.42:825][567]LogExit: Preparing to exit.
[2018.03.11-03.20.43:988][567]LogDirectoryWatcher: A directory notification for 'C:/Users/Noah/Documents/GitHub/UE4Project/NPJ2018SeniorProject/Content/' was aborted.
[2018.03.11-03.20.44:116][567]LogExit: Editor shut down
[2018.03.11-03.20.44:151][567]LogExit: Transaction tracking system shut down
[2018.03.11-03.20.44:328][567]LogDirectoryWatcher: A directory notification for '../../../Engine/Content/' was aborted.
[2018.03.11-03.20.44:328][567]LogDirectoryWatcher: A directory notification for '../../../../../../Users/Noah/Documents/GitHub/UE4Project/NPJ2018SeniorProject/Content/' was aborted.
[2018.03.11-03.20.44:328][567]LogDirectoryWatcher: A directory notification for '../../../Engine/Plugins/2D/Paper2D/Content/' was aborted.
[2018.03.11-03.20.44:328][567]LogDirectoryWatcher: A directory notification for '../../../Engine/Plugins/Runtime/Oculus/OculusVR/Content/' was aborted.
[2018.03.11-03.20.44:328][567]LogDirectoryWatcher: A directory notification for '../../../Engine/Plugins/Runtime/Steam/SteamVR/Content/' was aborted.
[2018.03.11-03.20.44:474][567]LogExit: Object subsystem successfully closed.
[2018.03.11-03.20.44:507][567]LogD3D11RHI: Shutdown
[2018.03.11-03.20.44:507][567]LogD3D11RHI: CleanupD3DDevice
[2018.03.11-03.20.44:636][567]LogD3D11RHI: ~FD3D11DynamicRHI
[2018.03.11-03.20.44:669][567]LogModuleManager: Shutting down and abandoning module NPJ2018SeniorProject (541)
[2018.03.11-03.20.44:669][567]LogModuleManager: Shutting down and abandoning module MovieSceneCapture (535)
[2018.03.11-03.20.44:669][567]LogModuleManager: Shutting down and abandoning module HierarchicalLODOutliner (532)
[2018.03.11-03.20.44:669][567]LogModuleManager: Shutting down and abandoning module SceneOutliner (530)
[2018.03.11-03.20.44:669][567]LogModuleManager: Shutting down and abandoning module AddContentDialog (528)
[2018.03.11-03.20.44:669][567]LogDirectoryWatcher: A directory notification for 'C:/Program Files/Epic Games/UE_4.17/FeaturePacks/' was aborted.
[2018.03.11-03.20.44:679][567]LogModuleManager: Shutting down and abandoning module WidgetCarousel (527)
[2018.03.11-03.20.44:679][567]LogModuleManager: Shutting down and abandoning module EditorWidgets (524)
[2018.03.11-03.20.44:679][567]LogModuleManager: Shutting down and abandoning module CollectionManager (522)
[2018.03.11-03.20.44:679][567]LogDirectoryWatcher: A directory notification for 'C:/Users/Noah/Documents/GitHub/UE4Project/NPJ2018SeniorProject/Content/Collections/' was aborted.
[2018.03.11-03.20.44:679][567]LogDirectoryWatcher: A directory notification for 'C:/Users/Noah/Documents/GitHub/UE4Project/NPJ2018SeniorProject/Content/Developers/Noah/Collections/' was aborted.
[2018.03.11-03.20.44:679][567]LogDirectoryWatcher: A directory notification for 'C:/Users/Noah/Documents/GitHub/UE4Project/NPJ2018SeniorProject/Saved/Collections/' was aborted.
[2018.03.11-03.20.44:680][567]LogModuleManager: Shutting down and abandoning module StatsViewer (520)
[2018.03.11-03.20.44:680][567]LogModuleManager: Shutting down and abandoning module FoliageEdit (518)
[2018.03.11-03.20.44:680][567]LogModuleManager: Shutting down and abandoning module LandscapeEditor (516)
[2018.03.11-03.20.44:680][567]LogModuleManager: Shutting down and abandoning module MeshPaintMode (514)
[2018.03.11-03.20.44:680][567]LogModuleManager: Shutting down and abandoning module SceneDepthPickerMode (512)
[2018.03.11-03.20.44:680][567]LogModuleManager: Shutting down and abandoning module ActorPickerMode (510)
[2018.03.11-03.20.44:680][567]LogModuleManager: Shutting down and abandoning module GeometryMode (508)
[2018.03.11-03.20.44:680][567]LogModuleManager: Shutting down and abandoning module TextureAlignMode (506)
[2018.03.11-03.20.44:680][567]LogModuleManager: Shutting down and abandoning module BspMode (504)
[2018.03.11-03.20.44:680][567]LogModuleManager: Shutting down and abandoning module PIEPreviewDeviceProfileSelector (502)
[2018.03.11-03.20.44:680][567]LogModuleManager: Shutting down and abandoning module HardwareSurvey (500)
[2018.03.11-03.20.44:680][567]LogModuleManager: Shutting down and abandoning module SequenceRecorderSections (498)
[2018.03.11-03.20.44:680][567]LogModuleManager: Shutting down and abandoning module AutomationWorker (496)
[2018.03.11-03.20.44:680][567]LogModuleManager: Shutting down and abandoning module MatineeToLevelSequence (494)
[2018.03.11-03.20.44:680][567]LogModuleManager: Shutting down and abandoning module LevelSequenceEditor (492)
[2018.03.11-03.20.44:681][567]LogModuleManager: Shutting down and abandoning module PlacementMode (491)
[2018.03.11-03.20.44:681][567]LogModuleManager: Shutting down and abandoning module WmfMediaFactory (488)
[2018.03.11-03.20.44:681][567]LogModuleManager: Shutting down and abandoning module WmfMediaEditor (486)
[2018.03.11-03.20.44:681][567]LogModuleManager: Shutting down and abandoning module AvfMediaFactory (484)
[2018.03.11-03.20.44:681][567]LogModuleManager: Shutting down and abandoning module AvfMediaEditor (482)
[2018.03.11-03.20.44:681][567]LogModuleManager: Shutting down and abandoning module AndroidMediaFactory (480)
[2018.03.11-03.20.44:681][567]LogModuleManager: Shutting down and abandoning module Media (479)
[2018.03.11-03.20.44:681][567]LogModuleManager: Shutting down and abandoning module AndroidMediaEditor (476)
[2018.03.11-03.20.44:681][567]LogModuleManager: Shutting down and abandoning module CharacterAI (474)
[2018.03.11-03.20.44:681][567]LogModuleManager: Shutting down and abandoning module AudioCapture (472)
[2018.03.11-03.20.44:681][567]LogModuleManager: Shutting down and abandoning module SequenceRecorder (471)
[2018.03.11-03.20.44:681][567]LogModuleManager: Shutting down and abandoning module SmartSnapping (468)
[2018.03.11-03.20.44:681][567]LogModuleManager: Shutting down and abandoning module SessionServices (466)
[2018.03.11-03.20.44:681][567]LogModuleManager: Shutting down and abandoning module ViewportSnapping (464)
[2018.03.11-03.20.44:681][567]LogModuleManager: Shutting down and abandoning module ViewportInteraction (462)
[2018.03.11-03.20.44:681][567]LogModuleManager: Shutting down and abandoning module ClothPainter (460)
[2018.03.11-03.20.44:681][567]LogModuleManager: Shutting down and abandoning module LogVisualizer (458)
[2018.03.11-03.20.44:682][567]LogModuleManager: Shutting down and abandoning module IntroTutorials (456)
[2018.03.11-03.20.44:682][567]LogModuleManager: Shutting down and abandoning module GameProjectGeneration (455)
[2018.03.11-03.20.44:682][567]LogModuleManager: Shutting down and abandoning module IOSPlatformEditor (452)
[2018.03.11-03.20.44:682][567]LogModuleManager: Shutting down and abandoning module HTML5PlatformEditor (450)
[2018.03.11-03.20.44:682][567]LogModuleManager: Shutting down and abandoning module AndroidPlatformEditor (448)
[2018.03.11-03.20.44:682][567]LogModuleManager: Shutting down and abandoning module AndroidDeviceDetection (447)
[2018.03.11-03.20.45:194][567]LogModuleManager: Shutting down and abandoning module WindowsPlatformEditor (444)
[2018.03.11-03.20.45:194][567]LogModuleManager: Shutting down and abandoning module IOSRuntimeSettings (442)
[2018.03.11-03.20.45:194][567]LogModuleManager: Shutting down and abandoning module AndroidRuntimeSettings (440)
[2018.03.11-03.20.45:195][567]LogModuleManager: Shutting down and abandoning module InputBindingEditor (438)
[2018.03.11-03.20.45:195][567]LogModuleManager: Shutting down and abandoning module MergeActors (436)
[2018.03.11-03.20.45:195][567]LogModuleManager: Shutting down and abandoning module SizeMap (434)
[2018.03.11-03.20.45:195][567]LogModuleManager: Shutting down and abandoning module TreeMap (432)
[2018.03.11-03.20.45:195][567]LogModuleManager: Shutting down and abandoning module ReferenceViewer (430)
[2018.03.11-03.20.45:195][567]LogModuleManager: Shutting down and abandoning module LocalizationDashboard (428)
[2018.03.11-03.20.45:195][567]LogModuleManager: Shutting down and abandoning module LocalizationService (427)
[2018.03.11-03.20.45:195][567]LogModuleManager: Shutting down and abandoning module HardwareTargeting (424)
[2018.03.11-03.20.45:195][567]LogModuleManager: Shutting down and abandoning module DeviceProfileEditor (422)
[2018.03.11-03.20.45:195][567]LogModuleManager: Shutting down and abandoning module UndoHistory (420)
[2018.03.11-03.20.45:195][567]LogModuleManager: Shutting down and abandoning module XmlParser (418)
[2018.03.11-03.20.45:195][567]LogModuleManager: Shutting down and abandoning module Blutility (416)
[2018.03.11-03.20.45:195][567]LogModuleManager: Shutting down and abandoning module ProjectSettingsViewer (414)
[2018.03.11-03.20.45:195][567]LogModuleManager: Shutting down and abandoning module ProjectTargetPlatformEditor (413)
[2018.03.11-03.20.45:196][567]LogModuleManager: Shutting down and abandoning module EditorSettingsViewer (410)
[2018.03.11-03.20.45:196][567]LogModuleManager: Shutting down and abandoning module SettingsEditor (408)
[2018.03.11-03.20.45:196][567]LogModuleManager: Shutting down and abandoning module ProjectLauncher (406)
[2018.03.11-03.20.45:196][567]LogModuleManager: Shutting down and abandoning module SessionFrontend (404)
[2018.03.11-03.20.45:196][567]LogModuleManager: Shutting down and abandoning module ProfilerClient (402)
[2018.03.11-03.20.45:196][567]LogModuleManager: Shutting down and abandoning module DeviceManager (400)
[2018.03.11-03.20.45:196][567]LogModuleManager: Shutting down and abandoning module TargetDeviceServices (399)
[2018.03.11-03.20.45:250][567]LogModuleManager: Shutting down and abandoning module AutomationController (396)
[2018.03.11-03.20.45:250][567]LogModuleManager: Shutting down and abandoning module AutomationWindow (394)
[2018.03.11-03.20.45:250][567]LogModuleManager: Shutting down and abandoning module Layers (392)
[2018.03.11-03.20.45:250][567]LogModuleManager: Shutting down and abandoning module ComponentVisualizers (390)
[2018.03.11-03.20.45:250][567]LogModuleManager: Shutting down and abandoning module DetailCustomizations (388)
[2018.03.11-03.20.45:250][567]LogModuleManager: Shutting down and abandoning module PackagesDialog (386)
[2018.03.11-03.20.45:250][567]LogModuleManager: Shutting down and abandoning module Persona (384)
[2018.03.11-03.20.45:250][567]LogModuleManager: Shutting down and abandoning module AdvancedPreviewScene (383)
[2018.03.11-03.20.45:250][567]LogModuleManager: Shutting down and abandoning module AnimGraph (381)
[2018.03.11-03.20.45:251][567]LogModuleManager: Shutting down and abandoning module Kismet (378)
[2018.03.11-03.20.45:252][567]LogModuleManager: Shutting down and abandoning module ClassViewer (376)
[2018.03.11-03.20.45:252][567]LogModuleManager: Shutting down and abandoning module Toolbox (374)
[2018.03.11-03.20.45:252][567]LogModuleManager: Shutting down and abandoning module ModuleUI (372)
[2018.03.11-03.20.45:252][567]LogModuleManager: Shutting down and abandoning module MovieSceneTools (370)
[2018.03.11-03.20.45:252][567]LogModuleManager: Shutting down and abandoning module OutputLog (368)
[2018.03.11-03.20.45:252][567]LogModuleManager: Shutting down and abandoning module GammaUI (366)
[2018.03.11-03.20.45:252][567]LogModuleManager: Shutting down and abandoning module Documentation (364)
[2018.03.11-03.20.45:252][567]LogModuleManager: Shutting down and abandoning module MovieSceneTracks (362)
[2018.03.11-03.20.45:252][567]LogModuleManager: Shutting down and abandoning module MovieScene (360)
[2018.03.11-03.20.45:252][567]LogModuleManager: Shutting down and abandoning module Niagara (358)
[2018.03.11-03.20.45:252][567]LogModuleManager: Shutting down and abandoning module NiagaraEditor (357)
[2018.03.11-03.20.45:253][567]LogModuleManager: Shutting down and abandoning module StreamingPauseRendering (354)
[2018.03.11-03.20.45:254][567]LogModuleManager: Shutting down and abandoning module LauncherPlatform (352)
[2018.03.11-03.20.45:254][567]LogModuleManager: Shutting down and abandoning module AnalyticsET (350)
[2018.03.11-03.20.45:254][567]LogModuleManager: Shutting down and abandoning module PortalServices (348)
[2018.03.11-03.20.45:254][567]LogModuleManager: Shutting down and abandoning module PortalRpc (346)
[2018.03.11-03.20.45:254][567]LogModuleManager: Shutting down and abandoning module MessagingRpc (344)
[2018.03.11-03.20.45:254][567]LogModuleManager: Shutting down and abandoning module AIModule (342)
[2018.03.11-03.20.45:254][567]LogModuleManager: Shutting down and abandoning module GameplayDebugger (341)
[2018.03.11-03.20.45:254][567]LogModuleManager: Shutting down and abandoning module AITestSuite (339)
[2018.03.11-03.20.45:254][567]LogModuleManager: Shutting down and abandoning module ProfilerService (336)
[2018.03.11-03.20.45:345][567]LogModuleManager: Shutting down and abandoning module TaskGraph (334)
[2018.03.11-03.20.45:345][567]LogModuleManager: Shutting down and abandoning module SteamVRController (332)
[2018.03.11-03.20.45:345][567]LogModuleManager: Shutting down and abandoning module ProceduralMeshComponentEditor (330)
[2018.03.11-03.20.45:345][567]LogModuleManager: Shutting down and abandoning module ProceduralMeshComponent (328)
[2018.03.11-03.20.45:345][567]LogModuleManager: Shutting down and abandoning module OculusInput (326)
[2018.03.11-03.20.45:345][567]LogModuleManager: Shutting down and abandoning module MobilePatchingUtils (324)
[2018.03.11-03.20.45:345][567]LogModuleManager: Shutting down and abandoning module CustomMeshComponent (322)
[2018.03.11-03.20.45:345][567]LogModuleManager: Shutting down and abandoning module CableComponent (320)
[2018.03.11-03.20.45:345][567]LogModuleManager: Shutting down and abandoning module ArchVisCharacter (318)
[2018.03.11-03.20.45:345][567]LogModuleManager: Shutting down and abandoning module AndroidPermission (316)
[2018.03.11-03.20.45:345][567]LogModuleManager: Shutting down and abandoning module MediaPlayerEditor (312)
[2018.03.11-03.20.45:345][567]LogModuleManager: Shutting down and abandoning module HTML5Networking (310)
[2018.03.11-03.20.45:345][567]LogModuleManager: Shutting down and abandoning module AlembicImporter (308)
[2018.03.11-03.20.45:345][567]LogModuleManager: Shutting down and abandoning module AlembicLibrary (307)
[2018.03.11-03.20.45:346][567]LogModuleManager: Shutting down and abandoning module GeometryCache (306)
[2018.03.11-03.20.45:346][567]LogModuleManager: Shutting down and abandoning module GeometryCacheEd (305)
[2018.03.11-03.20.45:346][567]LogModuleManager: Shutting down and abandoning module SpeedTreeImporter (300)
[2018.03.11-03.20.45:346][567]LogModuleManager: Shutting down and abandoning module PluginBrowser (298)
[2018.03.11-03.20.45:346][567]LogModuleManager: Shutting down and abandoning module MobileLauncherProfileWizard (296)
[2018.03.11-03.20.45:346][567]LogModuleManager: Shutting down and abandoning module VisualStudioSourceCodeAccess (294)
[2018.03.11-03.20.45:346][567]LogModuleManager: Shutting down and abandoning module DesktopPlatform (293)
[2018.03.11-03.20.45:346][567]LogModuleManager: Shutting down and abandoning module UObjectPlugin (290)
[2018.03.11-03.20.45:346][567]LogModuleManager: Shutting down and abandoning module SubversionSourceControl (288)
[2018.03.11-03.20.45:346][567]LogModuleManager: Shutting down and abandoning module PerforceSourceControl (286)
[2018.03.11-03.20.45:346][567]LogModuleManager: Shutting down and abandoning module GitSourceControl (284)
[2018.03.11-03.20.45:346][567]LogModuleManager: Shutting down and abandoning module SourceControl (283)
[2018.03.11-03.20.45:346][567]LogModuleManager: Shutting down and abandoning module LightPropagationVolumeEditor (280)
[2018.03.11-03.20.45:347][567]LogModuleManager: Shutting down and abandoning module PaperTiledImporter (278)
[2018.03.11-03.20.45:347][567]LogModuleManager: Shutting down and abandoning module PaperSpriteSheetImporter (276)
[2018.03.11-03.20.45:347][567]LogModuleManager: Shutting down and abandoning module Paper2DEditor (274)
[2018.03.11-03.20.45:347][567]LogModuleManager: Shutting down and abandoning module MeshPaint (273)
[2018.03.11-03.20.45:347][567]LogModuleManager: Shutting down and abandoning module LevelEditor (271)
[2018.03.11-03.20.45:349][567]LogModuleManager: Shutting down and abandoning module PixelInspectorModule (270)
[2018.03.11-03.20.45:349][567]LogModuleManager: Shutting down and abandoning module MainFrame (268)
[2018.03.11-03.20.45:350][567]LogModuleManager: Shutting down and abandoning module HotReload (267)
[2018.03.11-03.20.45:350][567]LogDirectoryWatcher: A directory notification for 'C:/Users/Noah/Documents/GitHub/UE4Project/NPJ2018SeniorProject/Binaries/Win64' was aborted.
[2018.03.11-03.20.45:350][567]LogModuleManager: Shutting down and abandoning module RuntimePhysXCooking (260)
[2018.03.11-03.20.45:350][567]LogModuleManager: Shutting down and abandoning module PhysXVehiclesEditor (258)
[2018.03.11-03.20.45:350][567]LogModuleManager: Shutting down and abandoning module PhysXVehicles (256)
[2018.03.11-03.20.45:350][567]LogModuleManager: Shutting down and abandoning module OculusEditor (254)
[2018.03.11-03.20.45:350][567]LogModuleManager: Shutting down and abandoning module LocationServicesBPLibrary (252)
[2018.03.11-03.20.45:350][567]LogModuleManager: Shutting down and abandoning module ImmediatePhysicsEditor (250)
[2018.03.11-03.20.45:350][567]LogModuleManager: Shutting down and abandoning module ImmediatePhysics (248)
[2018.03.11-03.20.45:351][567]LogModuleManager: Shutting down and abandoning module UdpMessaging (246)
[2018.03.11-03.20.45:451][567]LogModuleManager: Shutting down and abandoning module TcpMessaging (244)
[2018.03.11-03.20.45:552][567]LogModuleManager: Shutting down and abandoning module GameplayTagsEditor (242)
[2018.03.11-03.20.45:552][567]LogModuleManager: Shutting down and abandoning module FacialAnimationEditor (240)
[2018.03.11-03.20.45:552][567]LogModuleManager: Shutting down and abandoning module FacialAnimation (238)
[2018.03.11-03.20.45:552][567]LogModuleManager: Shutting down and abandoning module AssetManagerEditor (236)
[2018.03.11-03.20.45:552][567]LogModuleManager: Shutting down and abandoning module GraphEditor (235)
[2018.03.11-03.20.45:553][567]LogModuleManager: Shutting down and abandoning module ContentBrowser (233)
[2018.03.11-03.20.45:554][567]LogModuleManager: Shutting down and abandoning module LightPropagationVolumeRuntime (230)
[2018.03.11-03.20.45:554][567]LogModuleManager: Shutting down and abandoning module Paper2D (228)
[2018.03.11-03.20.45:554][567]LogModuleManager: Shutting down and abandoning module WindowsMoviePlayer (226)
[2018.03.11-03.20.45:554][567]LogModuleManager: Shutting down and abandoning module WmfMedia (224)
[2018.03.11-03.20.45:557][567]LogModuleManager: Shutting down and abandoning module PacketHandler (222)
[2018.03.11-03.20.45:557][567]LogModuleManager: Shutting down and abandoning module ClothingSystemEditor (220)
[2018.03.11-03.20.45:557][567]LogModuleManager: Shutting down and abandoning module ClothingSystemRuntime (218)
[2018.03.11-03.20.45:557][567]LogModuleManager: Shutting down and abandoning module Overlay (216)
[2018.03.11-03.20.45:557][567]LogModuleManager: Shutting down and abandoning module OverlayEditor (215)
[2018.03.11-03.20.45:557][567]LogModuleManager: Shutting down and abandoning module MediaAssets (212)
[2018.03.11-03.20.45:557][567]LogModuleManager: Shutting down and abandoning module VREditor (210)
[2018.03.11-03.20.45:557][567]LogModuleManager: Shutting down and abandoning module StringTableEditor (208)
[2018.03.11-03.20.45:557][567]LogModuleManager: Shutting down and abandoning module GameplayTasksEditor (206)
[2018.03.11-03.20.45:557][567]LogModuleManager: Shutting down and abandoning module BehaviorTreeEditor (204)
[2018.03.11-03.20.45:557][567]LogModuleManager: Shutting down and abandoning module FunctionalTesting (202)
[2018.03.11-03.20.45:557][567]LogModuleManager: Shutting down and abandoning module CollisionAnalyzer (200)
[2018.03.11-03.20.45:557][567]LogModuleManager: Shutting down and abandoning module WorkspaceMenuStructure (199)
[2018.03.11-03.20.45:557][567]LogModuleManager: Shutting down and abandoning module UMG (196)
[2018.03.11-03.20.45:558][567]LogModuleManager: Shutting down and abandoning module UMGEditor (195)
[2018.03.11-03.20.45:558][567]LogModuleManager: Shutting down and abandoning module Sequencer (194)
[2018.03.11-03.20.45:558][567]LogModuleManager: Shutting down and abandoning module MessageLog (191)
[2018.03.11-03.20.45:558][567]LogModuleManager: Shutting down and abandoning module SlateReflector (186)
[2018.03.11-03.20.45:558][567]LogModuleManager: Shutting down and abandoning module Slate (184)
[2018.03.11-03.20.45:558][567]LogModuleManager: Shutting down and abandoning module EditorStyle (182)
[2018.03.11-03.20.45:564][567]LogModuleManager: Shutting down and abandoning module MRMesh (180)
[2018.03.11-03.20.45:564][567]LogModuleManager: Shutting down and abandoning module SourceCodeAccess (178)
[2018.03.11-03.20.45:564][567]LogModuleManager: Shutting down and abandoning module HeadMountedDisplay (176)
[2018.03.11-03.20.45:564][567]LogModuleManager: Shutting down and abandoning module XAudio2 (174)
[2018.03.11-03.20.45:564][567]LogModuleManager: Shutting down and abandoning module Networking (172)
[2018.03.11-03.20.45:564][567]LogModuleManager: Shutting down and abandoning module Core (168)
[2018.03.11-03.20.45:564][567]LogModuleManager: Shutting down and abandoning module KismetCompiler (164)
[2018.03.11-03.20.45:564][567]LogModuleManager: Shutting down and abandoning module LevelSequence (162)
[2018.03.11-03.20.45:564][567]LogModuleManager: Shutting down and abandoning module MeshUtilities (160)
[2018.03.11-03.20.45:564][567]LogModuleManager: Shutting down and abandoning module MeshMergeUtilities (159)
[2018.03.11-03.20.45:565][567]LogModuleManager: Shutting down and abandoning module MeshReductionInterface (158)
[2018.03.11-03.20.45:565][567]LogModuleManager: Shutting down and abandoning module SimplygonSwarm (157)
[2018.03.11-03.20.45:565][567]LogModuleManager: Shutting down and abandoning module SimplygonMeshReduction (155)
[2018.03.11-03.20.45:565][567]LogModuleManager: Shutting down and abandoning module QuadricMeshReduction (153)
[2018.03.11-03.20.45:565][567]LogModuleManager: Shutting down and abandoning module MaterialBaking (149)
[2018.03.11-03.20.45:565][567]LogModuleManager: Shutting down and abandoning module DirectoryWatcher (146)
[2018.03.11-03.20.45:575][567]LogModuleManager: Shutting down and abandoning module DerivedDataCache (144)
[2018.03.11-03.20.45:659][567]LogDerivedDataCache: Shutdown
[2018.03.11-03.20.45:659][567]LogModuleManager: Shutting down and abandoning module TargetPlatform (142)
[2018.03.11-03.20.45:660][567]LogModuleManager: Shutting down and abandoning module VulkanShaderFormat (141)
[2018.03.11-03.20.45:660][567]LogModuleManager: Shutting down and abandoning module ShaderFormatVectorVM (139)
[2018.03.11-03.20.45:660][567]LogModuleManager: Shutting down and abandoning module ShaderFormatOpenGL (137)
[2018.03.11-03.20.45:660][567]LogModuleManager: Shutting down and abandoning module ShaderFormatD3D (135)
[2018.03.11-03.20.45:660][567]LogModuleManager: Shutting down and abandoning module MetalShaderFormat (133)
[2018.03.11-03.20.45:660][567]LogModuleManager: Shutting down and abandoning module TextureFormatUncompressed (131)
[2018.03.11-03.20.45:660][567]LogModuleManager: Shutting down and abandoning module TextureFormatPVR (129)
[2018.03.11-03.20.45:660][567]LogModuleManager: Shutting down and abandoning module TextureFormatDXT (127)
[2018.03.11-03.20.45:660][567]LogModuleManager: Shutting down and abandoning module TextureFormatIntelISPCTexComp (125)
[2018.03.11-03.20.45:660][567]LogModuleManager: Shutting down and abandoning module TextureFormatASTC (123)
[2018.03.11-03.20.45:660][567]LogModuleManager: Shutting down and abandoning module ImageWrapper (122)
[2018.03.11-03.20.45:660][567]LogModuleManager: Shutting down and abandoning module TextureFormatAndroid (119)
[2018.03.11-03.20.45:660][567]LogModuleManager: Shutting down and abandoning module AudioFormatOpus (117)
[2018.03.11-03.20.45:660][567]LogModuleManager: Shutting down and abandoning module AudioFormatOgg (115)
[2018.03.11-03.20.45:660][567]LogModuleManager: Shutting down and abandoning module AudioFormatADPCM (113)
[2018.03.11-03.20.45:661][567]LogModuleManager: Shutting down and abandoning module LinuxTargetPlatform (111)
[2018.03.11-03.20.45:661][567]LogModuleManager: Shutting down and abandoning module LinuxServerTargetPlatform (109)
[2018.03.11-03.20.45:661][567]LogModuleManager: Shutting down and abandoning module LinuxNoEditorTargetPlatform (107)
[2018.03.11-03.20.45:661][567]LogModuleManager: Shutting down and abandoning module LinuxClientTargetPlatform (105)
[2018.03.11-03.20.45:661][567]LogModuleManager: Shutting down and abandoning module TVOSTargetPlatform (103)
[2018.03.11-03.20.45:661][567]LogModuleManager: Shutting down and abandoning module Messaging (101)
[2018.03.11-03.20.45:661][567]LogModuleManager: Shutting down and abandoning module IOSTargetPlatform (99)
[2018.03.11-03.20.45:661][567]LogModuleManager: Shutting down and abandoning module HTML5TargetPlatform (97)
[2018.03.11-03.20.45:661][567]LogModuleManager: Shutting down and abandoning module Android_PVRTCTargetPlatform (95)
[2018.03.11-03.20.45:661][567]LogModuleManager: Shutting down and abandoning module Android_MultiTargetPlatform (93)
[2018.03.11-03.20.45:661][567]LogModuleManager: Shutting down and abandoning module Android_ETC2TargetPlatform (91)
[2018.03.11-03.20.45:661][567]LogModuleManager: Shutting down and abandoning module Android_ETC1TargetPlatform (89)
[2018.03.11-03.20.45:661][567]LogModuleManager: Shutting down and abandoning module Android_DXTTargetPlatform (87)
[2018.03.11-03.20.45:661][567]LogModuleManager: Shutting down and abandoning module Android_ATCTargetPlatform (85)
[2018.03.11-03.20.45:661][567]LogModuleManager: Shutting down and abandoning module Android_ASTCTargetPlatform (83)
[2018.03.11-03.20.45:661][567]LogModuleManager: Shutting down and abandoning module AndroidTargetPlatform (81)
[2018.03.11-03.20.45:661][567]LogModuleManager: Shutting down and abandoning module WindowsTargetPlatform (79)
[2018.03.11-03.20.45:661][567]LogModuleManager: Shutting down and abandoning module WindowsServerTargetPlatform (77)
[2018.03.11-03.20.45:661][567]LogModuleManager: Shutting down and abandoning module WindowsNoEditorTargetPlatform (75)
[2018.03.11-03.20.45:661][567]LogModuleManager: Shutting down and abandoning module WindowsClientTargetPlatform (73)
[2018.03.11-03.20.45:661][567]LogModuleManager: Shutting down and abandoning module MacTargetPlatform (71)
[2018.03.11-03.20.45:662][567]LogModuleManager: Shutting down and abandoning module MacServerTargetPlatform (69)
[2018.03.11-03.20.45:662][567]LogModuleManager: Shutting down and abandoning module MacNoEditorTargetPlatform (67)
[2018.03.11-03.20.45:662][567]LogModuleManager: Shutting down and abandoning module MacClientTargetPlatform (65)
[2018.03.11-03.20.45:662][567]LogModuleManager: Shutting down and abandoning module AllDesktopTargetPlatform (63)
[2018.03.11-03.20.45:662][567]LogModuleManager: Shutting down and abandoning module InputCore (60)
[2018.03.11-03.20.45:662][567]LogModuleManager: Shutting down and abandoning module Settings (58)
[2018.03.11-03.20.45:662][567]LogModuleManager: Shutting down and abandoning module PhysXCooking (56)
[2018.03.11-03.20.45:662][567]LogModuleManager: Shutting down and abandoning module SteamVR (54)
[2018.03.11-03.20.45:662][567]LogModuleManager: Shutting down and abandoning module OculusHMD (52)
[2018.03.11-03.20.45:662][567]LogModuleManager: Shutting down and abandoning module ExampleDeviceProfileSelector (50)
[2018.03.11-03.20.45:662][567]LogModuleManager: Shutting down and abandoning module OnlineBlueprintSupport (48)
[2018.03.11-03.20.45:662][567]LogModuleManager: Shutting down and abandoning module OnlineSubsystem (44)
[2018.03.11-03.20.45:662][567]LogOnline: Display: Unloading online subsystem: NULL
[2018.03.11-03.20.45:662][567]LogModuleManager: Shutting down and abandoning module XMPP (43)
[2018.03.11-03.20.45:662][567]LogModuleManager: Shutting down and abandoning module HTTP (41)
[2018.03.11-03.20.45:662][567]LogHttp: Display: Http module shutting down, but needs to wait on 1 outstanding Http requests:
[2018.03.11-03.20.45:662][567]LogHttp: Display: 	verb=[POST] url=[https://datarouter.ol.epicgames.com/datarouter/api/v1/public/data?SessionID=%7B1875635B-4DC9-1F07-1375-9AB84C78414F%7D&AppID=UEEditor.Rocket.Release&AppVersion=4.17.2-3658906%2B%2B%2BUE4%2BRelease-4.17&UserID=d9ddad6543a4ba61cbd31f9507f10e1e%7Cbfee097a142a4df6984e47c7d8f90503%7Cac1c4141-0f9e-45bc-b1ee-7329e870a9a8&AppEnvironment=datacollector-binary&UploadType=eteventstream] status=Processing
[2018.03.11-03.20.45:682][567]LogModuleManager: Shutting down and abandoning module SSL (40)
[2018.03.11-03.20.45:684][567]LogModuleManager: Shutting down and abandoning module AnimationModifiers (36)
[2018.03.11-03.20.45:684][567]LogModuleManager: Shutting down and abandoning module PropertyEditor (35)
[2018.03.11-03.20.45:684][567]LogModuleManager: Shutting down and abandoning module AudioEditor (32)
[2018.03.11-03.20.45:684][567]LogModuleManager: Shutting down and abandoning module TextureCompressor (30)
[2018.03.11-03.20.45:685][567]LogModuleManager: Shutting down and abandoning module ShaderCore (28)
[2018.03.11-03.20.45:685][567]LogModuleManager: Shutting down and abandoning module Landscape (26)
[2018.03.11-03.20.45:685][567]LogModuleManager: Shutting down and abandoning module SlateRHIRenderer (24)
[2018.03.11-03.20.45:688][567]LogModuleManager: Shutting down and abandoning module OpenGLDrv (22)
[2018.03.11-03.20.45:688][567]LogModuleManager: Shutting down and abandoning module D3D11RHI (20)
[2018.03.11-03.20.45:688][567]LogModuleManager: Shutting down and abandoning module AnimGraphRuntime (18)
[2018.03.11-03.20.45:688][567]LogModuleManager: Shutting down and abandoning module Renderer (16)
[2018.03.11-03.20.45:688][567]LogModuleManager: Shutting down and abandoning module Engine (14)
[2018.03.11-03.20.45:688][567]LogModuleManager: Shutting down and abandoning module CoreUObject (12)
[2018.03.11-03.20.45:688][567]LogModuleManager: Shutting down and abandoning module NetworkFile (10)
[2018.03.11-03.20.45:688][567]LogModuleManager: Shutting down and abandoning module CookedIterativeFile (8)
[2018.03.11-03.20.45:688][567]LogModuleManager: Shutting down and abandoning module StreamingFile (6)
[2018.03.11-03.20.45:688][567]LogModuleManager: Shutting down and abandoning module SandboxFile (4)
[2018.03.11-03.20.45:688][567]LogModuleManager: Shutting down and abandoning module PakFile (2)
[2018.03.11-03.20.45:692][567]LogExit: Exiting.
[2018.03.11-03.20.45:717][567]Log file closed, 03/10/18 22:20:45
