Log file open, 03/19/18 20:04:38
LogWindows: Failed to load 'aqProf.dll' (GetLastError=126)
LogWindows: File 'aqProf.dll' does not exist
LogWindows: Failed to load 'VtuneApi.dll' (GetLastError=126)
LogWindows: File 'VtuneApi.dll' does not exist
LogWindows: Failed to load 'VtuneApi32e.dll' (GetLastError=126)
LogWindows: File 'VtuneApi32e.dll' does not exist
LogInit: Display: Running engine for game: NPJ2018SeniorProject
LogPlatformFile: Not using cached read wrapper
LogInit: Display: RandInit(-186482828) SRandInit(-186482828).
LogTaskGraph: Started task graph with 5 named threads and 14 total threads with 3 sets of task threads.
LogStats: Stats thread started at 0.188479
LogD3D11RHI: Aftermath initialized
LogPluginManager: Mounting plugin Paper2D
LogPluginManager: Mounting plugin LightPropagationVolume
LogPluginManager: Mounting plugin CodeLiteSourceCodeAccess
LogPluginManager: Mounting plugin GitSourceControl
LogPluginManager: Mounting plugin KDevelopSourceCodeAccess
LogPluginManager: Mounting plugin NullSourceCodeAccess
LogPluginManager: Mounting plugin PerforceSourceControl
LogPluginManager: Mounting plugin SubversionSourceControl
LogPluginManager: Mounting plugin UObjectPlugin
LogPluginManager: Mounting plugin VisualStudioSourceCodeAccess
LogPluginManager: Mounting plugin XCodeSourceCodeAccess
LogPluginManager: Mounting plugin AssetManagerEditor
LogPluginManager: Mounting plugin AudioCapture
LogPluginManager: Mounting plugin FacialAnimation
LogPluginManager: Mounting plugin GameplayTagsEditor
LogPluginManager: Mounting plugin MobileLauncherProfileWizard
LogPluginManager: Mounting plugin PluginBrowser
LogPluginManager: Mounting plugin SpeedTreeImporter
LogPluginManager: Mounting plugin AlembicImporter
LogPluginManager: Mounting plugin CharacterAI
LogPluginManager: Mounting plugin HTML5Networking
LogPluginManager: Mounting plugin AndroidMedia
LogPluginManager: Mounting plugin AvfMedia
LogPluginManager: Mounting plugin MediaPlayerEditor
LogPluginManager: Mounting plugin WmfMedia
LogPluginManager: Mounting plugin TcpMessaging
LogPluginManager: Mounting plugin UdpMessaging
LogPluginManager: Mounting plugin LevelSequenceEditor
LogPluginManager: Mounting plugin MatineeToLevelSequence
LogPluginManager: Mounting plugin OnlineSubsystemGooglePlay
LogPluginManager: Mounting plugin OnlineSubsystemIOS
LogPluginManager: Mounting plugin OnlineSubsystem
LogPluginManager: Mounting plugin OnlineSubsystemNull
LogPluginManager: Mounting plugin OnlineSubsystemUtils
LogPluginManager: Mounting plugin AndroidDeviceProfileSelector
LogPluginManager: Mounting plugin AndroidMoviePlayer
LogPluginManager: Mounting plugin AndroidPermission
LogPluginManager: Mounting plugin AppleMoviePlayer
LogPluginManager: Mounting plugin ArchVisCharacter
LogPluginManager: Mounting plugin CableComponent
LogPluginManager: Mounting plugin CustomMeshComponent
LogPluginManager: Mounting plugin ExampleDeviceProfileSelector
LogPluginManager: Mounting plugin GoogleCloudMessaging
LogPluginManager: Mounting plugin ImmediatePhysics
LogPluginManager: Mounting plugin IOSDeviceProfileSelector
LogPluginManager: Mounting plugin LinuxDeviceProfileSelector
LogPluginManager: Mounting plugin LocationServicesBPLibrary
LogPluginManager: Mounting plugin MobilePatchingUtils
LogPluginManager: Mounting plugin OculusVR
LogPluginManager: Mounting plugin PhysXVehicles
LogPluginManager: Mounting plugin ProceduralMeshComponent
LogPluginManager: Mounting plugin RuntimePhysXCooking
LogPluginManager: Mounting plugin SteamVR
LogPluginManager: Mounting plugin WindowsMoviePlayer
LogInit: Using libcurl 7.47.1
LogInit:  - built for x86_64-pc-win32
LogInit:  - supports SSL with OpenSSL/1.0.2g
LogInit:  - supports HTTP deflate (compression) using libz 1.2.8
LogInit:  - other features:
LogInit:      CURL_VERSION_SSL
LogInit:      CURL_VERSION_LIBZ
LogInit:      CURL_VERSION_IPV6
LogInit:      CURL_VERSION_ASYNCHDNS
LogInit:      CURL_VERSION_LARGEFILE
LogInit:      CURL_VERSION_IDN
LogInit:  CurlRequestOptions (configurable via config and command line):
LogInit:  - bVerifyPeer = false  - Libcurl will NOT verify peer certificate
LogInit:  - bUseHttpProxy = false  - Libcurl will NOT use HTTP proxy
LogInit:  - bDontReuseConnections = false  - Libcurl will reuse connections
LogInit:  - CertBundlePath = nullptr  - Libcurl will use whatever was configured at build time.
LogInit: Build: ++UE4+Release-4.17-CL-3658906
LogInit: Engine Version: 4.17.2-3658906+++UE4+Release-4.17
LogInit: Compatible Engine Version: 4.17.0-3573198+++UE4+Release-4.17
LogInit: Net CL: 3573198
LogDevObjectVersion: Number of dev versions registered: 16
LogDevObjectVersion:   Dev-Blueprints (B0D832E4-1F89-4F0D-ACCF-7EB736FD4AA2): 10
LogDevObjectVersion:   Dev-Build (E1C64328-A22C-4D53-A36C-8E866417BD8C): 0
LogDevObjectVersion:   Dev-Core (375EC13C-06E4-48FB-B500-84F0262A717E): 2
LogDevObjectVersion:   Dev-Editor (E4B068ED-F494-42E9-A231-DA0B2E46BB41): 20
LogDevObjectVersion:   Dev-Framework (CFFC743F-43B0-4480-9391-14DF171D2073): 28
LogDevObjectVersion:   Dev-Mobile (B02B49B5-BB20-44E9-A304-32B752E40360): 0
LogDevObjectVersion:   Dev-Networking (A4E4105C-59A1-49B5-A7C5-40C4547EDFEE): 0
LogDevObjectVersion:   Dev-Online (39C831C9-5AE6-47DC-9A44-9C173E1C8E7C): 0
LogDevObjectVersion:   Dev-Physics (78F01B33-EBEA-4F98-B9B4-84EACCB95AA2): 0
LogDevObjectVersion:   Dev-Platform (6631380F-2D4D-43E0-8009-CF276956A95A): 0
LogDevObjectVersion:   Dev-Rendering (12F88B9F-8875-4AFC-A67C-D90C383ABD29): 19
LogDevObjectVersion:   Dev-Sequencer (7B5AE74C-D270-4C10-A958-57980B212A5A): 4
LogDevObjectVersion:   Dev-VR (D7296918-1DD6-4BDD-9DE2-64A83CC13884): 0
LogDevObjectVersion:   Dev-LoadTimes (C2A15278-BFE7-4AFE-6C17-90FF531DF755): 1
LogDevObjectVersion:   Private-Geometry (6EACA3D4-40EC-4CC1-B786-8BED09428FC5): 1
LogDevObjectVersion:   Dev-AnimPhys (29E575DD-E0A3-4627-9D10-D276232CDCEA): 7
LogInit: Compiled (64-bit): Sep 22 2017 13:47:16
LogInit: Compiled with Visual C++: 19.00.24215.01
LogInit: Build Configuration: Development
LogInit: Branch Name: ++UE4+Release-4.17
LogInit: Command line: -EpicPortal 
LogInit: Base directory: C:/Program Files/Epic Games/UE_4.17/Engine/Binaries/Win64/
LogInit: Installed Engine Build: 1
LogInit: Presizing for max 8388607 objects, including 0 objects not considered by GC, pre-allocating 0 bytes for permanent pool.
LogInit: Object subsystem initialized
[2018.03.20-00.04.39:936][  0]LogInit: Selected Device Profile: [Windows]
[2018.03.20-00.04.39:936][  0]LogInit: Applying CVar settings loaded from the selected device profile: [Windows]
[2018.03.20-00.04.39:951][  0]LogInit: Computer: DESKTOP-POOD5P5
[2018.03.20-00.04.39:951][  0]LogInit: User: Noah
[2018.03.20-00.04.39:951][  0]LogInit: CPU Page size=4096, Cores=4
[2018.03.20-00.04.39:951][  0]LogInit: High frequency timer resolution =2.338349 MHz
[2018.03.20-00.04.39:951][  0]LogMemory: Memory total: Physical=7.9GB (8GB approx)
[2018.03.20-00.04.39:951][  0]LogMemory: Platform Memory Stats for Windows
[2018.03.20-00.04.39:951][  0]LogMemory: Process Physical Memory: 280.91 MB used, 280.91 MB peak
[2018.03.20-00.04.39:951][  0]LogMemory: Process Virtual Memory: 274.57 MB used, 274.57 MB peak
[2018.03.20-00.04.39:951][  0]LogMemory: Physical Memory: 4424.13 MB used,  3692.23 MB free, 8116.36 MB total
[2018.03.20-00.04.39:951][  0]LogMemory: Virtual Memory: 707.75 MB used,  3692.23 MB free, 134217728.00 MB total
[2018.03.20-00.04.40:114][  0]LogInit: Using OS detected language (en-US).
[2018.03.20-00.04.40:114][  0]LogInit: Using OS detected locale (en-US).
[2018.03.20-00.04.40:117][  0]LogTextLocalizationManager: No specific localization for 'en-US' exists, so the 'en' localization will be used.
[2018.03.20-00.04.40:822][  0]LogD3D11RHI: D3D11 adapters:
[2018.03.20-00.04.40:830][  0]LogD3D11RHI:    0. 'Intel(R) HD Graphics 4600' (Feature Level 11_0)
[2018.03.20-00.04.40:830][  0]LogD3D11RHI:       112/0/2048 MB DedicatedVideo/DedicatedSystem/SharedSystem, Outputs:1, VendorId:0x8086
[2018.03.20-00.04.40:832][  0]LogD3D11RHI:    1. 'Microsoft Basic Render Driver' (Feature Level 11_0)
[2018.03.20-00.04.40:832][  0]LogD3D11RHI:       0/0/4058 MB DedicatedVideo/DedicatedSystem/SharedSystem, Outputs:0, VendorId:0x1414
[2018.03.20-00.04.40:832][  0]LogD3D11RHI: Chosen D3D11 Adapter: 0
[2018.03.20-00.04.40:837][  0]LogD3D11RHI: Creating new Direct3DDevice
[2018.03.20-00.04.40:837][  0]LogD3D11RHI:     GPU DeviceId: 0x416 (for the marketing name, search the web for "GPU Device Id")
[2018.03.20-00.04.40:837][  0]LogWindows: EnumDisplayDevices:
[2018.03.20-00.04.40:837][  0]LogWindows:    0. 'Intel(R) HD Graphics 4600' (P:1 D:1)
[2018.03.20-00.04.40:837][  0]LogWindows:    1. 'Intel(R) HD Graphics 4600' (P:0 D:0)
[2018.03.20-00.04.40:837][  0]LogWindows:    2. 'Intel(R) HD Graphics 4600' (P:0 D:0)
[2018.03.20-00.04.40:838][  0]LogWindows: DebugString: GetVideoDriverDetailsInvalid PrimaryIsNotTheChoosenAdapter GetVideoDriverDetailsInvalid PrimaryIsNotTheChoosenAdapter GetVideoDriverDetailsInvalid PrimaryIsNotTheChoosenAdapter FoundDriverCount:0 
[2018.03.20-00.04.40:838][  0]LogD3D11RHI:     Adapter Name: Intel(R) HD Graphics 4600
[2018.03.20-00.04.40:838][  0]LogD3D11RHI:   Driver Version: Unknown (internal:Unknown, unified:Unknown)
[2018.03.20-00.04.40:838][  0]LogD3D11RHI:      Driver Date: Unknown
[2018.03.20-00.04.40:838][  0]LogRHI: Texture pool is 795 MB (70% of 1136 MB)
[2018.03.20-00.04.40:843][  0]LogD3D11RHI: Async texture creation enabled
[2018.03.20-00.04.40:849][  0]LogD3D11RHI: GPU Timing Frequency: 12.500000 (Debug: 2 0)
[2018.03.20-00.04.40:849][  0]LogShaderCompilers: Guid format shader working directory is -32 characters bigger than the processId version (../../../../../../Users/Noah/Documents/GitHub/UE4Project/NPJ2018SeniorProject/Intermediate/Shaders/WorkingDirectory/3688/).
[2018.03.20-00.04.40:849][  0]LogShaderCompilers: Cleaned the shader compiler working directory 'C:/Users/Noah/AppData/Local/Temp/UnrealShaderWorkingDir/A95EFFD8477E38A450B327A2659C291B/'.
[2018.03.20-00.04.40:850][  0]LogShaderCompilers: Display: Using Local Shader Compiler.
[2018.03.20-00.04.41:919][  0]LogTemp: Display: Loaded TP AllDesktopTargetPlatform
[2018.03.20-00.04.41:974][  0]LogTemp: Display: Loaded TP MacClientTargetPlatform
[2018.03.20-00.04.42:030][  0]LogTemp: Display: Loaded TP MacNoEditorTargetPlatform
[2018.03.20-00.04.42:085][  0]LogTemp: Display: Loaded TP MacServerTargetPlatform
[2018.03.20-00.04.42:159][  0]LogTemp: Display: Loaded TP MacTargetPlatform
[2018.03.20-00.04.42:214][  0]LogTemp: Display: Loaded TP WindowsClientTargetPlatform
[2018.03.20-00.04.42:271][  0]LogTemp: Display: Loaded TP WindowsNoEditorTargetPlatform
[2018.03.20-00.04.42:325][  0]LogTemp: Display: Loaded TP WindowsServerTargetPlatform
[2018.03.20-00.04.42:386][  0]LogTemp: Display: Loaded TP WindowsTargetPlatform
[2018.03.20-00.04.42:449][  0]LogTemp: Display: Loaded TP AndroidTargetPlatform
[2018.03.20-00.04.42:507][  0]LogTemp: Display: Loaded TP Android_ASTCTargetPlatform
[2018.03.20-00.04.42:560][  0]LogTemp: Display: Loaded TP Android_ATCTargetPlatform
[2018.03.20-00.04.42:614][  0]LogTemp: Display: Loaded TP Android_DXTTargetPlatform
[2018.03.20-00.04.42:667][  0]LogTemp: Display: Loaded TP Android_ETC1TargetPlatform
[2018.03.20-00.04.42:721][  0]LogTemp: Display: Loaded TP Android_ETC2TargetPlatform
[2018.03.20-00.04.42:827][  0]LogTemp: Display: Loaded TP Android_MultiTargetPlatform
[2018.03.20-00.04.42:828][  0]LogTemp: Display: Loaded TP Android_PVRTCTargetPlatform
[2018.03.20-00.04.42:871][  0]LogTemp: Display: Loaded TP HTML5TargetPlatform
[2018.03.20-00.04.42:968][  0]LogTemp: Display: Loaded TP IOSTargetPlatform
[2018.03.20-00.04.42:999][  0]LogTemp: Display: Loaded TP TVOSTargetPlatform
[2018.03.20-00.04.43:050][  0]LogTemp: Display: Loaded TP LinuxClientTargetPlatform
[2018.03.20-00.04.43:105][  0]LogTemp: Display: Loaded TP LinuxNoEditorTargetPlatform
[2018.03.20-00.04.43:159][  0]LogTemp: Display: Loaded TP LinuxServerTargetPlatform
[2018.03.20-00.04.43:211][  0]LogTemp: Display: Loaded TP LinuxTargetPlatform
[2018.03.20-00.04.43:211][  0]LogTargetPlatformManager: Display: Building Assets For Windows
[2018.03.20-00.04.43:803][  0]LogDerivedDataCache: Display: Max Cache Size: 512 MB
[2018.03.20-00.04.43:916][  0]LogDerivedDataCache: Loaded boot cache 0.11s 93MB C:/Users/Noah/AppData/Local/UnrealEngine/4.17/DerivedDataCache/Boot.ddc.
[2018.03.20-00.04.43:916][  0]LogDerivedDataCache: Display: Loaded Boot cache: C:/Users/Noah/AppData/Local/UnrealEngine/4.17/DerivedDataCache/Boot.ddc
[2018.03.20-00.04.43:916][  0]LogDerivedDataCache: FDerivedDataBackendGraph:  Pak pak cache file ../../../../../../Users/Noah/Documents/GitHub/UE4Project/NPJ2018SeniorProject/DerivedDataCache/DDC.ddp not found, will not use a pak cache.
[2018.03.20-00.04.43:916][  0]LogDerivedDataCache: Unable to find inner node Pak for hierarchical cache Hierarchy.
[2018.03.20-00.04.43:916][  0]LogDerivedDataCache: FDerivedDataBackendGraph:  CompressedPak pak cache file ../../../../../../Users/Noah/Documents/GitHub/UE4Project/NPJ2018SeniorProject/DerivedDataCache/Compressed.ddp not found, will not use a pak cache.
[2018.03.20-00.04.43:916][  0]LogDerivedDataCache: Unable to find inner node CompressedPak for hierarchical cache Hierarchy.
[2018.03.20-00.04.43:934][  0]LogDerivedDataCache: Display: Pak cache opened for reading ../../../Engine/DerivedDataCache/Compressed.ddp.
[2018.03.20-00.04.43:946][  0]LogDerivedDataCache: Using Local data cache path C:/Users/Noah/AppData/Local/UnrealEngine/Common/DerivedDataCache: Writable
[2018.03.20-00.04.43:957][  0]LogMaterial: Verifying Global Shaders for PCD3D_SM5
[2018.03.20-00.04.43:958][  0]LogSlate: Using Freetype 2.6.0
[2018.03.20-00.04.43:958][  0]LogSlate: SlateFontCache - WITH_FREETYPE: 1, WITH_HARFBUZZ: 1
[2018.03.20-00.04.43:958][  0]LogSlate: SlateFontCache - WITH_FREETYPE: 1, WITH_HARFBUZZ: 1
[2018.03.20-00.04.44:270][  0]LogAssetRegistry: FAssetRegistry took 0.0281 seconds to start up
[2018.03.20-00.04.44:393][  0]LogInit: Selected Device Profile: [Windows]
[2018.03.20-00.04.44:580][  0]LogContentStreaming: Texture pool size is 0.00 MB
[2018.03.20-00.04.44:899][  0]LogSimplygon: Simplygon DLL not present - disabling.
[2018.03.20-00.04.44:942][  0]LogMeshReduction: Using SimplygonSwarm for distributed automatic mesh merging
[2018.03.20-00.04.44:942][  0]LogMeshReduction: Using QuadricMeshReduction for automatic static mesh reduction
[2018.03.20-00.04.44:942][  0]LogMeshReduction: No automatic skeletal mesh reduction module available
[2018.03.20-00.04.44:942][  0]LogMeshReduction: No automatic mesh merging module available
[2018.03.20-00.04.44:942][  0]LogMeshMerging: No automatic mesh merging module available
[2018.03.20-00.04.45:340][  0]LogNetVersion: NPJ2018SeniorProject , NetCL: 3573198, EngineNetVer: 2, GameNetVer: 0 (Checksum: 535738706)
[2018.03.20-00.04.45:698][  0]LogPackageLocalizationCache: Processed 5 localized package path(s) for 2 prioritized culture(s) in 0.176542 seconds
[2018.03.20-00.04.45:711][  0]LogUObjectArray: 35825 objects as part of root set at end of initial load.
[2018.03.20-00.04.45:711][  0]LogUObjectAllocator: 7529104 out of 0 bytes used by permanent object pool.
[2018.03.20-00.04.45:711][  0]LogUObjectArray: CloseDisregardForGC: 0/0 objects in disregard for GC pool
[2018.03.20-00.04.45:775][  0]LogInit: WinSock: version 1.1 (2.2), MaxSocks=32767, MaxUdp=65467
[2018.03.20-00.04.48:616][  0]LogTcpMessaging: Initializing TcpMessaging bridge
[2018.03.20-00.04.48:662][  0]LogUdpMessaging: Initializing bridge on interface 0.0.0.0:0 to multicast group 230.0.0.1:6666.
[2018.03.20-00.04.49:795][  0]LogMaterial: Uniform references updated for custom material expression Custom.
[2018.03.20-00.04.50:279][  0]SourceControl: Source control is disabled
[2018.03.20-00.04.50:280][  0]SourceControl: Source control is disabled
[2018.03.20-00.04.50:381][  0]SourceControl: Source control is disabled
[2018.03.20-00.04.50:468][  0]SourceControl: Source control is disabled
[2018.03.20-00.04.51:170][  0]LogAndroidPermission: UAndroidPermissionCallbackProxy::GetInstance
[2018.03.20-00.04.51:511][  0]LogOcInput: OculusInput pre-init called
[2018.03.20-00.04.51:808][  0]LogEngine: Initializing Engine...
[2018.03.20-00.04.51:810][  0]LogHMD: Failed to initialize OpenVR with code 110
[2018.03.20-00.04.52:060][  0]LogStats: UGameplayTagsManager::ConstructGameplayTagTree: Construct from data asset -  0.000 s
[2018.03.20-00.04.52:060][  0]LogStats: UGameplayTagsManager::ConstructGameplayTagTree: GameplayTagTreeChangedEvent.Broadcast -  0.000 s
[2018.03.20-00.04.52:204][  0]LogAIModule: Creating AISystem for world Untitled
[2018.03.20-00.04.52:211][  0]LogInit: XAudio2 using 'Speakers (High Definition Audio Device)' : 2 channels at 48 kHz using 16 bits per sample (channel mask 0x3)
[2018.03.20-00.04.52:230][  0]LogInit: FAudioDevice initialized.
[2018.03.20-00.04.52:625][  0]LogDerivedDataCache: Saved boot cache 0.40s 93MB C:/Users/Noah/AppData/Local/UnrealEngine/4.17/DerivedDataCache/Boot.ddc.
[2018.03.20-00.04.52:675][  0]LogInit: Texture streaming: Enabled
[2018.03.20-00.04.52:826][  0]LogEngineSessionManager: EngineSessionManager initialized
[2018.03.20-00.04.53:058][  0]LogInit: Transaction tracking system initialized
[2018.03.20-00.04.53:456][  0]BlueprintLog: New page: Editor Load
[2018.03.20-00.04.54:433][  0]LocalizationService: Localization service is disabled
[2018.03.20-00.04.55:071][  0]LogLinker: Warning: Can't find file '/Game/ThirdPersonBP/ThirdPersonOverview'
[2018.03.20-00.04.55:071][  0]LogLinker: Warning: Can't find file '/Game/ThirdPersonBP/ThirdPersonOverview'
[2018.03.20-00.04.55:071][  0]LogUObjectGlobals: Warning: Failed to find object 'Class /Game/ThirdPersonBP/ThirdPersonOverview.ThirdPersonOverview_C'
[2018.03.20-00.04.55:535][  0]LogConsoleResponse: Display: 
[2018.03.20-00.04.55:736][  0]LogCook: Display: Max memory allowance for cook 16384mb min free memory 0mb
[2018.03.20-00.04.55:736][  0]LogCook: Display: Mobile HDR setting 1
[2018.03.20-00.04.55:736][  0]LogGameplayTags: Display: UGameplayTagsManager::DoneAddingNativeTags. DelegateIsBound: 0
[2018.03.20-00.04.56:852][  0]LogFileCache: Scanning file cache for directory 'C:/Users/Noah/Documents/GitHub/UE4Project/NPJ2018SeniorProject/Content/' took 0.02s
[2018.03.20-00.04.56:901][  0]SourceControl: Source control is disabled
[2018.03.20-00.04.56:901][  0]Cmd: MAP LOAD FILE="../../../../../../Users/Noah/Documents/GitHub/UE4Project/NPJ2018SeniorProject/Content/ThirdPersonCPP/Maps/CollectionLevel.umap" TEMPLATE=0 SHOWPROGRESS=1 FEATURELEVEL=3
[2018.03.20-00.04.56:902][  0]LightingResults: New page: Lighting Build
[2018.03.20-00.04.56:946][  0]MapCheck: New page: Map Check
[2018.03.20-00.04.56:946][  0]LightingResults: New page: Lighting Build
[2018.03.20-00.04.57:654][  0]LogAIModule: Creating AISystem for world CollectionLevel
[2018.03.20-00.04.57:673][  0]LogEditorServer: Finished looking for orphan Actors (0.000 secs)
[2018.03.20-00.04.57:713][  0]Cmd: MAP CHECKDEP NOCLEARLOG
[2018.03.20-00.04.57:778][  0]MapCheck: Map check complete: 0 Error(s), 0 Warning(s), took 64.433ms to complete.
[2018.03.20-00.04.57:778][  0]LogFileHelpers: Loading map 'CollectionLevel' took 0.877
[2018.03.20-00.04.57:963][  0]LogCollectionManager: Loaded 0 collections in 0.001958 seconds
[2018.03.20-00.04.58:045][  0]LogFileCache: Scanning file cache for directory 'C:/Users/Noah/Documents/GitHub/UE4Project/NPJ2018SeniorProject/Saved/Collections/' took 0.01s
[2018.03.20-00.04.58:045][  0]LogFileCache: Scanning file cache for directory 'C:/Users/Noah/Documents/GitHub/UE4Project/NPJ2018SeniorProject/Content/Developers/Noah/Collections/' took 0.01s
[2018.03.20-00.04.58:045][  0]LogFileCache: Scanning file cache for directory 'C:/Users/Noah/Documents/GitHub/UE4Project/NPJ2018SeniorProject/Content/Collections/' took 0.01s
[2018.03.20-00.04.58:045][  0]LogCollectionManager: Rebuilt the GUID cache for 0 collections in 0.000000 seconds
[2018.03.20-00.04.58:057][  0]LogContentBrowser: Native class hierarchy populated in 0.0110 seconds. Added 2392 classes and 503 folders.
[2018.03.20-00.04.58:130][  0]LogContentBrowser: Native class hierarchy updated for 'WidgetCarousel' in 0.0024 seconds. Added 0 classes and 0 folders.
[2018.03.20-00.04.58:179][  0]LogContentBrowser: Native class hierarchy updated for 'AddContentDialog' in 0.0027 seconds. Added 0 classes and 0 folders.
[2018.03.20-00.04.58:248][  0]LogContentBrowser: Native class hierarchy updated for 'SceneOutliner' in 0.0026 seconds. Added 1 classes and 2 folders.
[2018.03.20-00.04.58:320][  0]LogSlate: Took 0.000227 seconds to synchronously load lazily loaded font '../../../Engine/Content/Slate/Fonts/Roboto-Regular.ttf' (155K)
[2018.03.20-00.04.58:322][  0]LogSlate: Took 0.000214 seconds to synchronously load lazily loaded font '../../../Engine/Content/Slate/Fonts/Roboto-Bold.ttf' (160K)
[2018.03.20-00.04.58:329][  0]LogSlate: Took 0.000974 seconds to synchronously load lazily loaded font '../../../Engine/Content/Editor/Slate/Fonts/FontAwesome.ttf' (139K)
[2018.03.20-00.04.58:330][  0]LogSlate: Took 0.000145 seconds to synchronously load lazily loaded font '../../../Engine/Content/Editor/Slate/Fonts/DroidSansMono.ttf' (77K)
[2018.03.20-00.04.58:456][  0]LogRenderer: Reallocating scene render targets to support 932x456 Format 9 NumSamples 1 (Frame:1).
[2018.03.20-00.04.58:954][  0]LogContentBrowser: Native class hierarchy updated for 'HierarchicalLODOutliner' in 0.0024 seconds. Added 1 classes and 2 folders.
[2018.03.20-00.04.58:954][  0]LogLoad: (Engine Initialization) Total time: 21.93 seconds
[2018.03.20-00.04.58:954][  0]LogLoad: (Engine Initialization) Total Blueprint compile time: 0.00 seconds
[2018.03.20-00.04.58:955][  0]LogExternalProfiler: Found external profiler: VSPerf
[2018.03.20-00.04.58:955][  0]LogExternalProfiler: Using external profiler: VSPerf
[2018.03.20-00.04.58:973][  0]LogWindowsTextInputMethodSystem: Display: IME system now deactivated.
[2018.03.20-00.04.58:995][  0]LogContentStreaming: Texture pool size now 400 MB
[2018.03.20-00.04.59:034][  1]LogAssetRegistry: Asset discovery search completed in 14.7868 seconds
[2018.03.20-00.04.59:037][  1]LogCollectionManager: Rebuilt the object cache for 0 collections in 0.000001 seconds (found 0 objects)
[2018.03.20-00.04.59:037][  1]LogCollectionManager: Fixed up redirectors for 0 collections in 0.000262 seconds (updated 0 objects)
[2018.03.20-00.05.11:450][536]LogTemp: Repeating last play command: Selected Viewport
[2018.03.20-00.05.11:572][536]LogPlayLevel: PlayLevel: No blueprints needed recompiling
[2018.03.20-00.05.11:574][536]PIE: New page: PIE session: CollectionLevel (Mar 19, 2018, 4:05:11 PM)
[2018.03.20-00.05.11:575][536]LogPlayLevel: Creating play world package: /Game/ThirdPersonCPP/Maps/UEDPIE_0_CollectionLevel
[2018.03.20-00.05.11:580][536]LogPlayLevel: PIE: StaticDuplicateObject took: (0.005288s)
[2018.03.20-00.05.11:581][536]LogAIModule: Creating AISystem for world CollectionLevel
[2018.03.20-00.05.11:582][536]LogPlayLevel: PIE: World Init took: (0.001472s)
[2018.03.20-00.05.11:582][536]LogPlayLevel: PIE: Created PIE world by copying editor world from /Game/ThirdPersonCPP/Maps/CollectionLevel.CollectionLevel to /Game/ThirdPersonCPP/Maps/UEDPIE_0_CollectionLevel.CollectionLevel (0.007999s)
[2018.03.20-00.05.11:605][536]LogInit: XAudio2 using 'Speakers (High Definition Audio Device)' : 2 channels at 48 kHz using 16 bits per sample (channel mask 0x3)
[2018.03.20-00.05.11:613][536]LogInit: FAudioDevice initialized.
[2018.03.20-00.05.11:702][536]LogLoad: Game class is 'GameModeBP_C'
[2018.03.20-00.05.11:710][536]LogWorld: Bringing World /Game/ThirdPersonCPP/Maps/UEDPIE_0_CollectionLevel.CollectionLevel up for play (max tick rate 60) at 2018.03.19-20.05.11
[2018.03.20-00.05.11:712][536]LogWorld: Bringing up level for play took: 0.006017
[2018.03.20-00.05.11:761][536]LogContentBrowser: Native class hierarchy updated for 'MovieSceneCapture' in 0.0023 seconds. Added 11 classes and 0 folders.
[2018.03.20-00.05.11:765][536]PIE: Play in editor start time for /Game/ThirdPersonCPP/Maps/UEDPIE_0_CollectionLevel 0.059
[2018.03.20-00.05.15:278][738]LogClass: Locked on Nearest Enemy
[2018.03.20-00.05.19:417][982]LogClass: MyCharacter onGround is False
[2018.03.20-00.05.23:224][210]LogClass: MyCharacter onGround is False
[2018.03.20-00.05.24:717][296]LogClass: MyCharacter onGround is False
[2018.03.20-00.05.33:005][785]LogClass: MyCharacter onGround is False
[2018.03.20-00.05.36:243][975]LogClass: Locked on Nearest Enemy
[2018.03.20-00.05.37:747][ 64]LogClass: Locked on Nearest Enemy
[2018.03.20-00.05.44:864][481]LogClass: MyCharacter onGround is False
[2018.03.20-00.05.47:133][613]LogClass: MyCharacter onGround is False
[2018.03.20-00.05.52:433][927]LogClass: Locked on Nearest Enemy
[2018.03.20-00.05.58:074][261]LogClass: MyCharacter onGround is False
[2018.03.20-00.06.03:384][575]LogClass: MyCharacter onGround is False
[2018.03.20-00.06.05:787][719]LogClass: MyCharacter onGround is False
[2018.03.20-00.06.08:200][860]LogClass: MyCharacter onGround is False
[2018.03.20-00.06.13:553][176]LogClass: MyCharacter onGround is False
[2018.03.20-00.06.17:090][387]LogClass: Locked on Nearest Enemy
[2018.03.20-00.06.18:822][488]LogClass: MyCharacter onGround is False
[2018.03.20-00.06.25:322][870]LogClass: MyCharacter onGround is False
[2018.03.20-00.06.26:464][938]LogClass: MyCharacter onGround is False
[2018.03.20-00.06.26:848][961]LogClass: MyCharacter onGround is False
[2018.03.20-00.06.28:153][ 39]LogClass: MyCharacter onGround is False
[2018.03.20-00.06.48:926][269]LogClass: Locked on Nearest Enemy
[2018.03.20-00.06.57:736][790]LogClass: Locked on Nearest Enemy
[2018.03.20-00.08.18:757][576]LogClass: Locked on Nearest Enemy
[2018.03.20-00.08.22:788][811]LogClass: MyCharacter onGround is False
[2018.03.20-00.08.23:038][826]LogClass: MyCharacter onGround is False
[2018.03.20-00.08.23:922][879]LogClass: MyCharacter onGround is False
[2018.03.20-00.08.27:667][ 98]LogClass: Locked on Nearest Enemy
[2018.03.20-00.08.52:629][573]LogClass: Locked on Nearest Enemy
[2018.03.20-00.08.53:883][648]LogClass: Locked on Nearest Enemy
[2018.03.20-00.08.56:096][777]LogClass: Locked on Nearest Enemy
[2018.03.20-00.08.57:166][841]LogClass: Locked on Nearest Enemy
[2018.03.20-00.09.02:800][168]LogClass: Locked on Nearest Enemy
[2018.03.20-00.09.38:052][237]LogClass: MyCharacter onGround is False
[2018.03.20-00.09.39:072][295]LogClass: MyCharacter onGround is False
[2018.03.20-00.09.45:794][688]LogClass: Locked on Nearest Enemy
[2018.03.20-00.10.02:106][546]LogSlate: Took 0.040015 seconds to synchronously load lazily loaded font '../../../Engine/Content/Slate/Fonts/Roboto-Light.ttf' (159K)
[2018.03.20-00.10.04:608][623]LogSlate: Took 0.000188 seconds to synchronously load lazily loaded font '../../../Engine/Content/Slate/Fonts/Roboto-Light.ttf' (159K)
[2018.03.20-00.10.53:741][878]LogVSAccessor: Warning: Couldn't goto line number '0' in 'C:/Users/Noah/Documents/GitHub/UE4Project/NPJ2018SeniorProject/Source/NPJ2018SeniorProject/NPJ2018SeniorProjectCharacter.h'
[2018.03.20-00.10.53:759][878]LogVSAccessor: Warning: Couldn't goto line number '0' in 'C:/Users/Noah/Documents/GitHub/UE4Project/NPJ2018SeniorProject/Source/NPJ2018SeniorProject/NPJ2018SeniorProjectCharacter.cpp'
[2018.03.20-00.20.18:078][632]Candidate modules for hot reload:
[2018.03.20-00.20.18:079][632]  NPJ2018SeniorProject
[2018.03.20-00.20.18:080][632]Launching UnrealBuildTool... [C:/Program Files/Epic Games/UE_4.17/Engine/Binaries/DotNET/UnrealBuildTool.exe NPJ2018SeniorProject -ModuleWithSuffix NPJ2018SeniorProject 413 Win64 Development -editorrecompile -canskiplink "C:/Users/Noah/Documents/GitHub/UE4Project/NPJ2018SeniorProject/NPJ2018SeniorProject.uproject" ]
[2018.03.20-00.20.18:515][632]Warning: Starting HotReload took  1.9s.
[2018.03.20-00.38.55:674][494]CompilerResultsLog: New page: Compilation - Mar 19, 2018, 4:38:55 PM
[2018.03.20-00.38.55:674][494]CompilerResultsLog: Compiling game modules for hot reload
[2018.03.20-00.38.55:674][494]CompilerResultsLog: Parsing headers for NPJ2018SeniorProjectEditor
[2018.03.20-00.38.55:674][494]CompilerResultsLog:   Running UnrealHeaderTool "C:\Users\Noah\Documents\GitHub\UE4Project\NPJ2018SeniorProject\NPJ2018SeniorProject.uproject" "C:\Users\Noah\Documents\GitHub\UE4Project\NPJ2018SeniorProject\Intermediate\Build\Win64\NPJ2018SeniorProjectEditor\Development\NPJ2018SeniorProjectEditor.uhtmanifest" -LogCmds="loginit warning, logexit warning, logdatabase error" -Unattended -WarningsAsErrors -installed
[2018.03.20-00.38.55:675][494]CompilerResultsLog: Reflection code generated for NPJ2018SeniorProjectEditor in 67.8706933 seconds
[2018.03.20-00.38.55:675][494]CompilerResultsLog: Performing 3 actions (4 in parallel)
[2018.03.20-00.38.55:675][494]CompilerResultsLog: NPJ2018SeniorProjectCharacter.cpp
[2018.03.20-00.38.55:676][494]LogMainFrame: MainFrame: Module compiling took 1118.122 seconds
[2018.03.20-00.38.55:676][494]Warning: HotReload failed, recompile failed
[2018.03.20-00.39.00:397][628]Candidate modules for hot reload:
[2018.03.20-00.39.00:397][628]  NPJ2018SeniorProject
[2018.03.20-00.39.00:397][628]Launching UnrealBuildTool... [C:/Program Files/Epic Games/UE_4.17/Engine/Binaries/DotNET/UnrealBuildTool.exe NPJ2018SeniorProject -ModuleWithSuffix NPJ2018SeniorProject 3596 Win64 Development -editorrecompile -canskiplink "C:/Users/Noah/Documents/GitHub/UE4Project/NPJ2018SeniorProject/NPJ2018SeniorProject.uproject" ]
[2018.03.20-00.39.00:695][628]Warning: Starting HotReload took  0.4s.
[2018.03.20-00.40.22:477][ 23]CompilerResultsLog: New page: Compilation - Mar 19, 2018, 4:40:22 PM
[2018.03.20-00.40.22:477][ 23]CompilerResultsLog: Compiling game modules for hot reload
[2018.03.20-00.40.22:477][ 23]CompilerResultsLog: Performing full C++ include scan (no include cache file)
[2018.03.20-00.40.22:478][ 23]LogMainFrame: MainFrame: Module compiling took 82.085 seconds
[2018.03.20-00.40.22:478][ 23]Warning: HotReload failed, recompile failed
[2018.03.20-00.41.01:645][340]LogWindowsTextInputMethodSystem: Display: IME system now deactivated.
[2018.03.20-00.41.05:179][340]LogWindowsTextInputMethodSystem: Display: IME system now deactivated.
[2018.03.20-00.41.05:186][341]Cmd: QUIT_EDITOR
[2018.03.20-00.41.07:869][341]LogWindowsTextInputMethodSystem: Display: IME system now deactivated.
[2018.03.20-00.41.08:261][341]LogExit: Preparing to exit.
[2018.03.20-00.41.13:246][341]LogDirectoryWatcher: A directory notification for 'C:/Users/Noah/Documents/GitHub/UE4Project/NPJ2018SeniorProject/Content/' was aborted.
[2018.03.20-00.41.14:460][341]LogExit: Editor shut down
[2018.03.20-00.41.14:487][341]LogExit: Transaction tracking system shut down
[2018.03.20-00.41.15:983][341]LogDirectoryWatcher: A directory notification for '../../../Engine/Content/' was aborted.
[2018.03.20-00.41.15:983][341]LogDirectoryWatcher: A directory notification for '../../../../../../Users/Noah/Documents/GitHub/UE4Project/NPJ2018SeniorProject/Content/' was aborted.
[2018.03.20-00.41.15:983][341]LogDirectoryWatcher: A directory notification for '../../../Engine/Plugins/2D/Paper2D/Content/' was aborted.
[2018.03.20-00.41.15:983][341]LogDirectoryWatcher: A directory notification for '../../../Engine/Plugins/Runtime/Oculus/OculusVR/Content/' was aborted.
[2018.03.20-00.41.15:983][341]LogDirectoryWatcher: A directory notification for '../../../Engine/Plugins/Runtime/Steam/SteamVR/Content/' was aborted.
[2018.03.20-00.41.26:028][341]LogExit: Object subsystem successfully closed.
[2018.03.20-00.41.27:420][341]LogD3D11RHI: Shutdown
[2018.03.20-00.41.27:449][341]LogD3D11RHI: CleanupD3DDevice
[2018.03.20-00.41.27:755][341]LogD3D11RHI: ~FD3D11DynamicRHI
[2018.03.20-00.41.31:170][341]LogModuleManager: Shutting down and abandoning module MovieSceneCapture (534)
[2018.03.20-00.41.31:170][341]LogModuleManager: Shutting down and abandoning module HierarchicalLODOutliner (532)
[2018.03.20-00.41.31:170][341]LogModuleManager: Shutting down and abandoning module SceneOutliner (530)
[2018.03.20-00.41.31:213][341]LogModuleManager: Shutting down and abandoning module AddContentDialog (528)
[2018.03.20-00.41.31:279][341]LogDirectoryWatcher: A directory notification for 'C:/Program Files/Epic Games/UE_4.17/FeaturePacks/' was aborted.
[2018.03.20-00.41.31:348][341]LogModuleManager: Shutting down and abandoning module WidgetCarousel (527)
[2018.03.20-00.41.31:349][341]LogModuleManager: Shutting down and abandoning module EditorWidgets (524)
[2018.03.20-00.41.31:349][341]LogModuleManager: Shutting down and abandoning module CollectionManager (522)
[2018.03.20-00.41.31:392][341]LogDirectoryWatcher: A directory notification for 'C:/Users/Noah/Documents/GitHub/UE4Project/NPJ2018SeniorProject/Content/Collections/' was aborted.
[2018.03.20-00.41.31:393][341]LogDirectoryWatcher: A directory notification for 'C:/Users/Noah/Documents/GitHub/UE4Project/NPJ2018SeniorProject/Content/Developers/Noah/Collections/' was aborted.
[2018.03.20-00.41.31:393][341]LogDirectoryWatcher: A directory notification for 'C:/Users/Noah/Documents/GitHub/UE4Project/NPJ2018SeniorProject/Saved/Collections/' was aborted.
[2018.03.20-00.41.31:393][341]LogModuleManager: Shutting down and abandoning module StatsViewer (520)
[2018.03.20-00.41.31:449][341]LogModuleManager: Shutting down and abandoning module FoliageEdit (518)
[2018.03.20-00.41.31:449][341]LogModuleManager: Shutting down and abandoning module LandscapeEditor (516)
[2018.03.20-00.41.31:578][341]LogModuleManager: Shutting down and abandoning module MeshPaintMode (514)
[2018.03.20-00.41.31:578][341]LogModuleManager: Shutting down and abandoning module SceneDepthPickerMode (512)
[2018.03.20-00.41.31:578][341]LogModuleManager: Shutting down and abandoning module ActorPickerMode (510)
[2018.03.20-00.41.31:578][341]LogModuleManager: Shutting down and abandoning module GeometryMode (508)
[2018.03.20-00.41.31:579][341]LogModuleManager: Shutting down and abandoning module TextureAlignMode (506)
[2018.03.20-00.41.31:579][341]LogModuleManager: Shutting down and abandoning module BspMode (504)
[2018.03.20-00.41.31:609][341]LogModuleManager: Shutting down and abandoning module PIEPreviewDeviceProfileSelector (502)
[2018.03.20-00.41.31:610][341]LogModuleManager: Shutting down and abandoning module HardwareSurvey (500)
[2018.03.20-00.41.31:610][341]LogModuleManager: Shutting down and abandoning module SequenceRecorderSections (498)
[2018.03.20-00.41.31:646][341]LogModuleManager: Shutting down and abandoning module AutomationWorker (496)
[2018.03.20-00.41.31:681][341]LogModuleManager: Shutting down and abandoning module MatineeToLevelSequence (494)
[2018.03.20-00.41.31:729][341]LogModuleManager: Shutting down and abandoning module LevelSequenceEditor (492)
[2018.03.20-00.41.31:998][341]LogModuleManager: Shutting down and abandoning module PlacementMode (491)
[2018.03.20-00.41.31:998][341]LogModuleManager: Shutting down and abandoning module WmfMediaFactory (488)
[2018.03.20-00.41.31:998][341]LogModuleManager: Shutting down and abandoning module WmfMediaEditor (486)
[2018.03.20-00.41.31:998][341]LogModuleManager: Shutting down and abandoning module AvfMediaFactory (484)
[2018.03.20-00.41.31:998][341]LogModuleManager: Shutting down and abandoning module AvfMediaEditor (482)
[2018.03.20-00.41.31:998][341]LogModuleManager: Shutting down and abandoning module AndroidMediaFactory (480)
[2018.03.20-00.41.31:998][341]LogModuleManager: Shutting down and abandoning module Media (479)
[2018.03.20-00.41.31:998][341]LogModuleManager: Shutting down and abandoning module AndroidMediaEditor (476)
[2018.03.20-00.41.31:998][341]LogModuleManager: Shutting down and abandoning module CharacterAI (474)
[2018.03.20-00.41.31:998][341]LogModuleManager: Shutting down and abandoning module AudioCapture (472)
[2018.03.20-00.41.31:999][341]LogModuleManager: Shutting down and abandoning module SequenceRecorder (471)
[2018.03.20-00.41.32:024][341]LogModuleManager: Shutting down and abandoning module SmartSnapping (468)
[2018.03.20-00.41.32:024][341]LogModuleManager: Shutting down and abandoning module SessionServices (466)
[2018.03.20-00.41.32:024][341]LogModuleManager: Shutting down and abandoning module ViewportSnapping (464)
[2018.03.20-00.41.32:024][341]LogModuleManager: Shutting down and abandoning module ViewportInteraction (462)
[2018.03.20-00.41.32:024][341]LogModuleManager: Shutting down and abandoning module ClothPainter (460)
[2018.03.20-00.41.32:197][341]LogModuleManager: Shutting down and abandoning module LogVisualizer (458)
[2018.03.20-00.41.32:296][341]LogModuleManager: Shutting down and abandoning module IntroTutorials (456)
[2018.03.20-00.41.32:409][341]LogModuleManager: Shutting down and abandoning module GameProjectGeneration (455)
[2018.03.20-00.41.32:532][341]LogModuleManager: Shutting down and abandoning module IOSPlatformEditor (452)
[2018.03.20-00.41.32:566][341]LogModuleManager: Shutting down and abandoning module HTML5PlatformEditor (450)
[2018.03.20-00.41.32:566][341]LogModuleManager: Shutting down and abandoning module AndroidPlatformEditor (448)
[2018.03.20-00.41.32:566][341]LogModuleManager: Shutting down and abandoning module AndroidDeviceDetection (447)
[2018.03.20-00.41.32:812][341]LogModuleManager: Shutting down and abandoning module WindowsPlatformEditor (444)
[2018.03.20-00.41.32:812][341]LogModuleManager: Shutting down and abandoning module IOSRuntimeSettings (442)
[2018.03.20-00.41.32:812][341]LogModuleManager: Shutting down and abandoning module AndroidRuntimeSettings (440)
[2018.03.20-00.41.32:812][341]LogModuleManager: Shutting down and abandoning module InputBindingEditor (438)
[2018.03.20-00.41.32:833][341]LogModuleManager: Shutting down and abandoning module MergeActors (436)
[2018.03.20-00.41.32:884][341]LogModuleManager: Shutting down and abandoning module SizeMap (434)
[2018.03.20-00.41.32:884][341]LogModuleManager: Shutting down and abandoning module TreeMap (432)
[2018.03.20-00.41.32:936][341]LogModuleManager: Shutting down and abandoning module ReferenceViewer (430)
[2018.03.20-00.41.32:936][341]LogModuleManager: Shutting down and abandoning module LocalizationDashboard (428)
[2018.03.20-00.41.32:988][341]LogModuleManager: Shutting down and abandoning module LocalizationService (427)
[2018.03.20-00.41.33:017][341]LogModuleManager: Shutting down and abandoning module HardwareTargeting (424)
[2018.03.20-00.41.33:017][341]LogModuleManager: Shutting down and abandoning module DeviceProfileEditor (422)
[2018.03.20-00.41.33:058][341]LogModuleManager: Shutting down and abandoning module UndoHistory (420)
[2018.03.20-00.41.33:058][341]LogModuleManager: Shutting down and abandoning module XmlParser (418)
[2018.03.20-00.41.33:095][341]LogModuleManager: Shutting down and abandoning module Blutility (416)
[2018.03.20-00.41.33:095][341]LogModuleManager: Shutting down and abandoning module ProjectSettingsViewer (414)
[2018.03.20-00.41.33:095][341]LogModuleManager: Shutting down and abandoning module ProjectTargetPlatformEditor (413)
[2018.03.20-00.41.33:096][341]LogModuleManager: Shutting down and abandoning module EditorSettingsViewer (410)
[2018.03.20-00.41.33:096][341]LogModuleManager: Shutting down and abandoning module SettingsEditor (408)
[2018.03.20-00.41.33:223][341]LogModuleManager: Shutting down and abandoning module ProjectLauncher (406)
[2018.03.20-00.41.33:259][341]LogModuleManager: Shutting down and abandoning module SessionFrontend (404)
[2018.03.20-00.41.33:299][341]LogModuleManager: Shutting down and abandoning module ProfilerClient (402)
[2018.03.20-00.41.33:338][341]LogModuleManager: Shutting down and abandoning module DeviceManager (400)
[2018.03.20-00.41.33:412][341]LogModuleManager: Shutting down and abandoning module TargetDeviceServices (399)
[2018.03.20-00.41.33:465][341]LogModuleManager: Shutting down and abandoning module AutomationController (396)
[2018.03.20-00.41.33:565][341]LogModuleManager: Shutting down and abandoning module AutomationWindow (394)
[2018.03.20-00.41.33:705][341]LogModuleManager: Shutting down and abandoning module Layers (392)
[2018.03.20-00.41.33:887][341]LogModuleManager: Shutting down and abandoning module ComponentVisualizers (390)
[2018.03.20-00.41.33:887][341]LogModuleManager: Shutting down and abandoning module DetailCustomizations (388)
[2018.03.20-00.41.33:946][341]LogModuleManager: Shutting down and abandoning module PackagesDialog (386)
[2018.03.20-00.41.33:965][341]LogModuleManager: Shutting down and abandoning module Persona (384)
[2018.03.20-00.41.34:094][341]LogModuleManager: Shutting down and abandoning module AdvancedPreviewScene (383)
[2018.03.20-00.41.34:094][341]LogModuleManager: Shutting down and abandoning module AnimGraph (381)
[2018.03.20-00.41.34:138][341]LogModuleManager: Shutting down and abandoning module Kismet (378)
[2018.03.20-00.41.34:140][341]LogModuleManager: Shutting down and abandoning module ClassViewer (376)
[2018.03.20-00.41.34:141][341]LogModuleManager: Shutting down and abandoning module Toolbox (374)
[2018.03.20-00.41.34:141][341]LogModuleManager: Shutting down and abandoning module ModuleUI (372)
[2018.03.20-00.41.34:175][341]LogModuleManager: Shutting down and abandoning module MovieSceneTools (370)
[2018.03.20-00.41.34:279][341]LogModuleManager: Shutting down and abandoning module OutputLog (368)
[2018.03.20-00.41.34:280][341]LogModuleManager: Shutting down and abandoning module GammaUI (366)
[2018.03.20-00.41.34:321][341]LogModuleManager: Shutting down and abandoning module Documentation (364)
[2018.03.20-00.41.34:321][341]LogModuleManager: Shutting down and abandoning module MovieSceneTracks (362)
[2018.03.20-00.41.34:321][341]LogModuleManager: Shutting down and abandoning module MovieScene (360)
[2018.03.20-00.41.34:321][341]LogModuleManager: Shutting down and abandoning module Niagara (358)
[2018.03.20-00.41.34:321][341]LogModuleManager: Shutting down and abandoning module NiagaraEditor (357)
[2018.03.20-00.41.34:526][341]LogModuleManager: Shutting down and abandoning module StreamingPauseRendering (354)
[2018.03.20-00.41.34:526][341]LogModuleManager: Shutting down and abandoning module LauncherPlatform (352)
[2018.03.20-00.41.34:526][341]LogModuleManager: Shutting down and abandoning module AnalyticsET (350)
[2018.03.20-00.41.34:526][341]LogModuleManager: Shutting down and abandoning module PortalServices (348)
[2018.03.20-00.41.34:526][341]LogModuleManager: Shutting down and abandoning module PortalRpc (346)
[2018.03.20-00.41.34:526][341]LogModuleManager: Shutting down and abandoning module MessagingRpc (344)
[2018.03.20-00.41.34:526][341]LogModuleManager: Shutting down and abandoning module AIModule (342)
[2018.03.20-00.41.34:526][341]LogModuleManager: Shutting down and abandoning module GameplayDebugger (341)
[2018.03.20-00.41.34:526][341]LogModuleManager: Shutting down and abandoning module AITestSuite (339)
[2018.03.20-00.41.34:560][341]LogModuleManager: Shutting down and abandoning module ProfilerService (336)
[2018.03.20-00.41.34:648][341]LogModuleManager: Shutting down and abandoning module TaskGraph (334)
[2018.03.20-00.41.34:730][341]LogModuleManager: Shutting down and abandoning module SteamVRController (332)
[2018.03.20-00.41.34:730][341]LogModuleManager: Shutting down and abandoning module ProceduralMeshComponentEditor (330)
[2018.03.20-00.41.34:730][341]LogModuleManager: Shutting down and abandoning module ProceduralMeshComponent (328)
[2018.03.20-00.41.34:730][341]LogModuleManager: Shutting down and abandoning module OculusInput (326)
[2018.03.20-00.41.34:772][341]LogModuleManager: Shutting down and abandoning module MobilePatchingUtils (324)
[2018.03.20-00.41.34:772][341]LogModuleManager: Shutting down and abandoning module CustomMeshComponent (322)
[2018.03.20-00.41.34:772][341]LogModuleManager: Shutting down and abandoning module CableComponent (320)
[2018.03.20-00.41.34:800][341]LogModuleManager: Shutting down and abandoning module ArchVisCharacter (318)
[2018.03.20-00.41.34:800][341]LogModuleManager: Shutting down and abandoning module AndroidPermission (316)
[2018.03.20-00.41.34:800][341]LogModuleManager: Shutting down and abandoning module MediaPlayerEditor (312)
[2018.03.20-00.41.34:982][341]LogModuleManager: Shutting down and abandoning module HTML5Networking (310)
[2018.03.20-00.41.34:982][341]LogModuleManager: Shutting down and abandoning module AlembicImporter (308)
[2018.03.20-00.41.35:008][341]LogModuleManager: Shutting down and abandoning module AlembicLibrary (307)
[2018.03.20-00.41.35:008][341]LogModuleManager: Shutting down and abandoning module GeometryCache (306)
[2018.03.20-00.41.35:008][341]LogModuleManager: Shutting down and abandoning module GeometryCacheEd (305)
[2018.03.20-00.41.35:008][341]LogModuleManager: Shutting down and abandoning module SpeedTreeImporter (300)
[2018.03.20-00.41.35:008][341]LogModuleManager: Shutting down and abandoning module PluginBrowser (298)
[2018.03.20-00.41.35:166][341]LogModuleManager: Shutting down and abandoning module MobileLauncherProfileWizard (296)
[2018.03.20-00.41.35:216][341]LogModuleManager: Shutting down and abandoning module VisualStudioSourceCodeAccess (294)
[2018.03.20-00.41.35:216][341]LogModuleManager: Shutting down and abandoning module DesktopPlatform (293)
[2018.03.20-00.41.35:263][341]LogModuleManager: Shutting down and abandoning module UObjectPlugin (290)
[2018.03.20-00.41.35:263][341]LogModuleManager: Shutting down and abandoning module SubversionSourceControl (288)
[2018.03.20-00.41.35:277][341]LogModuleManager: Shutting down and abandoning module PerforceSourceControl (286)
[2018.03.20-00.41.35:369][341]LogModuleManager: Shutting down and abandoning module GitSourceControl (284)
[2018.03.20-00.41.35:441][341]LogModuleManager: Shutting down and abandoning module SourceControl (283)
[2018.03.20-00.41.35:494][341]LogModuleManager: Shutting down and abandoning module LightPropagationVolumeEditor (280)
[2018.03.20-00.41.35:494][341]LogModuleManager: Shutting down and abandoning module PaperTiledImporter (278)
[2018.03.20-00.41.35:494][341]LogModuleManager: Shutting down and abandoning module PaperSpriteSheetImporter (276)
[2018.03.20-00.41.35:494][341]LogModuleManager: Shutting down and abandoning module Paper2DEditor (274)
[2018.03.20-00.41.35:556][341]LogModuleManager: Shutting down and abandoning module MeshPaint (273)
[2018.03.20-00.41.35:593][341]LogModuleManager: Shutting down and abandoning module LevelEditor (271)
[2018.03.20-00.41.35:630][341]LogModuleManager: Shutting down and abandoning module PixelInspectorModule (270)
[2018.03.20-00.41.35:713][341]LogModuleManager: Shutting down and abandoning module MainFrame (268)
[2018.03.20-00.41.35:713][341]LogModuleManager: Shutting down and abandoning module HotReload (267)
[2018.03.20-00.41.35:713][341]LogDirectoryWatcher: A directory notification for 'C:/Users/Noah/Documents/GitHub/UE4Project/NPJ2018SeniorProject/Binaries/Win64' was aborted.
[2018.03.20-00.41.35:791][341]LogModuleManager: Shutting down and abandoning module NPJ2018SeniorProject (262)
[2018.03.20-00.41.35:792][341]LogModuleManager: Shutting down and abandoning module RuntimePhysXCooking (260)
[2018.03.20-00.41.35:792][341]LogModuleManager: Shutting down and abandoning module PhysXVehiclesEditor (258)
[2018.03.20-00.41.35:792][341]LogModuleManager: Shutting down and abandoning module PhysXVehicles (256)
[2018.03.20-00.41.35:792][341]LogModuleManager: Shutting down and abandoning module OculusEditor (254)
[2018.03.20-00.41.35:792][341]LogModuleManager: Shutting down and abandoning module LocationServicesBPLibrary (252)
[2018.03.20-00.41.35:792][341]LogModuleManager: Shutting down and abandoning module ImmediatePhysicsEditor (250)
[2018.03.20-00.41.35:792][341]LogModuleManager: Shutting down and abandoning module ImmediatePhysics (248)
[2018.03.20-00.41.35:827][341]LogModuleManager: Shutting down and abandoning module UdpMessaging (246)
[2018.03.20-00.41.35:928][341]LogModuleManager: Shutting down and abandoning module TcpMessaging (244)
[2018.03.20-00.41.36:061][341]LogModuleManager: Shutting down and abandoning module GameplayTagsEditor (242)
[2018.03.20-00.41.36:154][341]LogModuleManager: Shutting down and abandoning module FacialAnimationEditor (240)
[2018.03.20-00.41.36:154][341]LogModuleManager: Shutting down and abandoning module FacialAnimation (238)
[2018.03.20-00.41.36:154][341]LogModuleManager: Shutting down and abandoning module AssetManagerEditor (236)
[2018.03.20-00.41.36:253][341]LogModuleManager: Shutting down and abandoning module GraphEditor (235)
[2018.03.20-00.41.36:469][341]LogModuleManager: Shutting down and abandoning module ContentBrowser (233)
[2018.03.20-00.41.36:472][341]LogModuleManager: Shutting down and abandoning module LightPropagationVolumeRuntime (230)
[2018.03.20-00.41.36:472][341]LogModuleManager: Shutting down and abandoning module Paper2D (228)
[2018.03.20-00.41.36:504][341]LogModuleManager: Shutting down and abandoning module WindowsMoviePlayer (226)
[2018.03.20-00.41.36:535][341]LogModuleManager: Shutting down and abandoning module WmfMedia (224)
[2018.03.20-00.41.36:568][341]LogModuleManager: Shutting down and abandoning module PacketHandler (222)
[2018.03.20-00.41.36:568][341]LogModuleManager: Shutting down and abandoning module ClothingSystemEditor (220)
[2018.03.20-00.41.36:602][341]LogModuleManager: Shutting down and abandoning module ClothingSystemRuntime (218)
[2018.03.20-00.41.36:662][341]LogModuleManager: Shutting down and abandoning module Overlay (216)
[2018.03.20-00.41.36:663][341]LogModuleManager: Shutting down and abandoning module OverlayEditor (215)
[2018.03.20-00.41.36:663][341]LogModuleManager: Shutting down and abandoning module MediaAssets (212)
[2018.03.20-00.41.36:663][341]LogModuleManager: Shutting down and abandoning module VREditor (210)
[2018.03.20-00.41.36:720][341]LogModuleManager: Shutting down and abandoning module StringTableEditor (208)
[2018.03.20-00.41.36:755][341]LogModuleManager: Shutting down and abandoning module GameplayTasksEditor (206)
[2018.03.20-00.41.36:755][341]LogModuleManager: Shutting down and abandoning module BehaviorTreeEditor (204)
[2018.03.20-00.41.36:907][341]LogModuleManager: Shutting down and abandoning module FunctionalTesting (202)
[2018.03.20-00.41.36:907][341]LogModuleManager: Shutting down and abandoning module CollisionAnalyzer (200)
[2018.03.20-00.41.36:979][341]LogModuleManager: Shutting down and abandoning module WorkspaceMenuStructure (199)
[2018.03.20-00.41.36:980][341]LogModuleManager: Shutting down and abandoning module UMG (196)
[2018.03.20-00.41.37:057][341]LogModuleManager: Shutting down and abandoning module UMGEditor (195)
[2018.03.20-00.41.37:176][341]LogModuleManager: Shutting down and abandoning module Sequencer (194)
[2018.03.20-00.41.37:277][341]LogModuleManager: Shutting down and abandoning module MessageLog (191)
[2018.03.20-00.41.37:318][341]LogModuleManager: Shutting down and abandoning module SlateReflector (186)
[2018.03.20-00.41.37:556][341]LogModuleManager: Shutting down and abandoning module Slate (184)
[2018.03.20-00.41.37:556][341]LogModuleManager: Shutting down and abandoning module EditorStyle (182)
[2018.03.20-00.41.37:565][341]LogModuleManager: Shutting down and abandoning module MRMesh (180)
[2018.03.20-00.41.37:565][341]LogModuleManager: Shutting down and abandoning module SourceCodeAccess (178)
[2018.03.20-00.41.37:565][341]LogModuleManager: Shutting down and abandoning module HeadMountedDisplay (176)
[2018.03.20-00.41.37:565][341]LogModuleManager: Shutting down and abandoning module XAudio2 (174)
[2018.03.20-00.41.37:565][341]LogModuleManager: Shutting down and abandoning module Networking (172)
[2018.03.20-00.41.37:565][341]LogModuleManager: Shutting down and abandoning module Core (168)
[2018.03.20-00.41.37:565][341]LogModuleManager: Shutting down and abandoning module KismetCompiler (164)
[2018.03.20-00.41.37:565][341]LogModuleManager: Shutting down and abandoning module LevelSequence (162)
[2018.03.20-00.41.37:565][341]LogModuleManager: Shutting down and abandoning module MeshUtilities (160)
[2018.03.20-00.41.37:685][341]LogModuleManager: Shutting down and abandoning module MeshMergeUtilities (159)
[2018.03.20-00.41.37:781][341]LogModuleManager: Shutting down and abandoning module MeshReductionInterface (158)
[2018.03.20-00.41.37:781][341]LogModuleManager: Shutting down and abandoning module SimplygonSwarm (157)
[2018.03.20-00.41.37:804][341]LogModuleManager: Shutting down and abandoning module SimplygonMeshReduction (155)
[2018.03.20-00.41.37:804][341]LogModuleManager: Shutting down and abandoning module QuadricMeshReduction (153)
[2018.03.20-00.41.37:876][341]LogModuleManager: Shutting down and abandoning module MaterialBaking (149)
[2018.03.20-00.41.37:907][341]LogModuleManager: Shutting down and abandoning module DirectoryWatcher (146)
[2018.03.20-00.41.37:922][341]LogModuleManager: Shutting down and abandoning module DerivedDataCache (144)
[2018.03.20-00.41.37:965][341]LogDerivedDataCache: Shutdown
[2018.03.20-00.41.37:995][341]LogModuleManager: Shutting down and abandoning module TargetPlatform (142)
[2018.03.20-00.41.37:995][341]LogModuleManager: Shutting down and abandoning module VulkanShaderFormat (141)
[2018.03.20-00.41.38:038][341]LogModuleManager: Shutting down and abandoning module ShaderFormatVectorVM (139)
[2018.03.20-00.41.38:174][341]LogModuleManager: Shutting down and abandoning module ShaderFormatOpenGL (137)
[2018.03.20-00.41.38:211][341]LogModuleManager: Shutting down and abandoning module ShaderFormatD3D (135)
[2018.03.20-00.41.38:246][341]LogModuleManager: Shutting down and abandoning module MetalShaderFormat (133)
[2018.03.20-00.41.38:323][341]LogModuleManager: Shutting down and abandoning module TextureFormatUncompressed (131)
[2018.03.20-00.41.38:323][341]LogModuleManager: Shutting down and abandoning module TextureFormatPVR (129)
[2018.03.20-00.41.38:323][341]LogModuleManager: Shutting down and abandoning module TextureFormatDXT (127)
[2018.03.20-00.41.38:357][341]LogModuleManager: Shutting down and abandoning module TextureFormatIntelISPCTexComp (125)
[2018.03.20-00.41.38:425][341]LogModuleManager: Shutting down and abandoning module TextureFormatASTC (123)
[2018.03.20-00.41.38:425][341]LogModuleManager: Shutting down and abandoning module ImageWrapper (122)
[2018.03.20-00.41.38:425][341]LogModuleManager: Shutting down and abandoning module TextureFormatAndroid (119)
[2018.03.20-00.41.38:425][341]LogModuleManager: Shutting down and abandoning module AudioFormatOpus (117)
[2018.03.20-00.41.38:425][341]LogModuleManager: Shutting down and abandoning module AudioFormatOgg (115)
[2018.03.20-00.41.38:425][341]LogModuleManager: Shutting down and abandoning module AudioFormatADPCM (113)
[2018.03.20-00.41.38:425][341]LogModuleManager: Shutting down and abandoning module LinuxTargetPlatform (111)
[2018.03.20-00.41.38:425][341]LogModuleManager: Shutting down and abandoning module LinuxServerTargetPlatform (109)
[2018.03.20-00.41.38:425][341]LogModuleManager: Shutting down and abandoning module LinuxNoEditorTargetPlatform (107)
[2018.03.20-00.41.38:426][341]LogModuleManager: Shutting down and abandoning module LinuxClientTargetPlatform (105)
[2018.03.20-00.41.38:426][341]LogModuleManager: Shutting down and abandoning module TVOSTargetPlatform (103)
[2018.03.20-00.41.38:426][341]LogModuleManager: Shutting down and abandoning module Messaging (101)
[2018.03.20-00.41.38:426][341]LogModuleManager: Shutting down and abandoning module IOSTargetPlatform (99)
[2018.03.20-00.41.38:426][341]LogModuleManager: Shutting down and abandoning module HTML5TargetPlatform (97)
[2018.03.20-00.41.38:426][341]LogModuleManager: Shutting down and abandoning module Android_PVRTCTargetPlatform (95)
[2018.03.20-00.41.38:426][341]LogModuleManager: Shutting down and abandoning module Android_MultiTargetPlatform (93)
[2018.03.20-00.41.38:426][341]LogModuleManager: Shutting down and abandoning module Android_ETC2TargetPlatform (91)
[2018.03.20-00.41.38:427][341]LogModuleManager: Shutting down and abandoning module Android_ETC1TargetPlatform (89)
[2018.03.20-00.41.38:427][341]LogModuleManager: Shutting down and abandoning module Android_DXTTargetPlatform (87)
[2018.03.20-00.41.38:427][341]LogModuleManager: Shutting down and abandoning module Android_ATCTargetPlatform (85)
[2018.03.20-00.41.38:427][341]LogModuleManager: Shutting down and abandoning module Android_ASTCTargetPlatform (83)
[2018.03.20-00.41.38:427][341]LogModuleManager: Shutting down and abandoning module AndroidTargetPlatform (81)
[2018.03.20-00.41.38:427][341]LogModuleManager: Shutting down and abandoning module WindowsTargetPlatform (79)
[2018.03.20-00.41.38:427][341]LogModuleManager: Shutting down and abandoning module WindowsServerTargetPlatform (77)
[2018.03.20-00.41.38:427][341]LogModuleManager: Shutting down and abandoning module WindowsNoEditorTargetPlatform (75)
[2018.03.20-00.41.38:427][341]LogModuleManager: Shutting down and abandoning module WindowsClientTargetPlatform (73)
[2018.03.20-00.41.38:428][341]LogModuleManager: Shutting down and abandoning module MacTargetPlatform (71)
[2018.03.20-00.41.38:428][341]LogModuleManager: Shutting down and abandoning module MacServerTargetPlatform (69)
[2018.03.20-00.41.38:428][341]LogModuleManager: Shutting down and abandoning module MacNoEditorTargetPlatform (67)
[2018.03.20-00.41.38:428][341]LogModuleManager: Shutting down and abandoning module MacClientTargetPlatform (65)
[2018.03.20-00.41.38:428][341]LogModuleManager: Shutting down and abandoning module AllDesktopTargetPlatform (63)
[2018.03.20-00.41.38:428][341]LogModuleManager: Shutting down and abandoning module InputCore (60)
[2018.03.20-00.41.38:428][341]LogModuleManager: Shutting down and abandoning module Settings (58)
[2018.03.20-00.41.38:429][341]LogModuleManager: Shutting down and abandoning module PhysXCooking (56)
[2018.03.20-00.41.38:429][341]LogModuleManager: Shutting down and abandoning module SteamVR (54)
[2018.03.20-00.41.38:429][341]LogModuleManager: Shutting down and abandoning module OculusHMD (52)
[2018.03.20-00.41.38:450][341]LogModuleManager: Shutting down and abandoning module ExampleDeviceProfileSelector (50)
[2018.03.20-00.41.38:450][341]LogModuleManager: Shutting down and abandoning module OnlineBlueprintSupport (48)
[2018.03.20-00.41.38:451][341]LogModuleManager: Shutting down and abandoning module OnlineSubsystem (44)
[2018.03.20-00.41.38:451][341]LogOnline: Display: Unloading online subsystem: NULL
[2018.03.20-00.41.38:545][341]LogModuleManager: Shutting down and abandoning module XMPP (43)
[2018.03.20-00.41.38:595][341]LogModuleManager: Shutting down and abandoning module HTTP (41)
[2018.03.20-00.41.38:595][341]LogHttp: Display: Http module shutting down, but needs to wait on 1 outstanding Http requests:
[2018.03.20-00.41.38:621][341]LogHttp: Display: 	verb=[POST] url=[https://datarouter.ol.epicgames.com/datarouter/api/v1/public/data?SessionID=%7BED08D99C-497F-C636-1814-95AA72AE2FBF%7D&AppID=UEEditor.Rocket.Release&AppVersion=4.17.2-3658906%2B%2B%2BUE4%2BRelease-4.17&UserID=d9ddad6543a4ba61cbd31f9507f10e1e%7Cbfee097a142a4df6984e47c7d8f90503%7Cac1c4141-0f9e-45bc-b1ee-7329e870a9a8&AppEnvironment=datacollector-binary&UploadType=eteventstream] status=Processing
[2018.03.20-00.41.38:630][341]LogModuleManager: Shutting down and abandoning module SSL (40)
[2018.03.20-00.41.38:661][341]LogModuleManager: Shutting down and abandoning module AnimationModifiers (36)
[2018.03.20-00.41.38:730][341]LogModuleManager: Shutting down and abandoning module PropertyEditor (35)
[2018.03.20-00.41.38:730][341]LogModuleManager: Shutting down and abandoning module AudioEditor (32)
[2018.03.20-00.41.38:859][341]LogModuleManager: Shutting down and abandoning module TextureCompressor (30)
[2018.03.20-00.41.38:877][341]LogModuleManager: Shutting down and abandoning module ShaderCore (28)
[2018.03.20-00.41.38:877][341]LogModuleManager: Shutting down and abandoning module Landscape (26)
[2018.03.20-00.41.38:877][341]LogModuleManager: Shutting down and abandoning module SlateRHIRenderer (24)
[2018.03.20-00.41.38:985][341]LogModuleManager: Shutting down and abandoning module OpenGLDrv (22)
[2018.03.20-00.41.39:022][341]LogModuleManager: Shutting down and abandoning module D3D11RHI (20)
[2018.03.20-00.41.39:022][341]LogModuleManager: Shutting down and abandoning module AnimGraphRuntime (18)
[2018.03.20-00.41.39:056][341]LogModuleManager: Shutting down and abandoning module Renderer (16)
[2018.03.20-00.41.39:056][341]LogModuleManager: Shutting down and abandoning module Engine (14)
[2018.03.20-00.41.39:056][341]LogModuleManager: Shutting down and abandoning module CoreUObject (12)
[2018.03.20-00.41.39:056][341]LogModuleManager: Shutting down and abandoning module NetworkFile (10)
[2018.03.20-00.41.39:098][341]LogModuleManager: Shutting down and abandoning module CookedIterativeFile (8)
[2018.03.20-00.41.39:098][341]LogModuleManager: Shutting down and abandoning module StreamingFile (6)
[2018.03.20-00.41.39:136][341]LogModuleManager: Shutting down and abandoning module SandboxFile (4)
[2018.03.20-00.41.39:172][341]LogModuleManager: Shutting down and abandoning module PakFile (2)
[2018.03.20-00.41.39:261][341]LogExit: Exiting.
[2018.03.20-00.41.39:306][341]Log file closed, 03/19/18 20:41:39
